============================= test session starts ==============================
platform linux -- Python 3.13.12, pytest-9.0.2, pluggy-1.6.0 -- /home/dreuzy/miniforge3/envs/hydromodpy-wsl/bin/python
rootdir: /mnt/c/codes/HydroModPy
configfile: pytest.ini
plugins: typeguard-4.5.1, xdist-3.8.0, zarr-3.2.0
created: 1/1 worker
1 worker [3321 items]

scheduling tests via LoadGroupScheduling

tests/unit/backends/test_whitebox_workflows_backend.py::test_get_whitebox_backend_defaults_to_workflows@whitebox_backend 
[gw0] PASSED tests/unit/backends/test_whitebox_workflows_backend.py::test_get_whitebox_backend_defaults_to_workflows@whitebox_backend 
tests/unit/backends/test_whitebox_workflows_backend.py::test_get_whitebox_backend_supports_workflows_selection@whitebox_backend 
[gw0] PASSED tests/unit/backends/test_whitebox_workflows_backend.py::test_get_whitebox_backend_supports_workflows_selection@whitebox_backend 
tests/unit/backends/test_whitebox_workflows_backend.py::test_get_whitebox_backend_rejects_legacy_whitebox_selection@whitebox_backend 
[gw0] PASSED tests/unit/backends/test_whitebox_workflows_backend.py::test_get_whitebox_backend_rejects_legacy_whitebox_selection@whitebox_backend 
tests/unit/backends/test_whitebox_workflows_backend.py::test_package_no_longer_exposes_whitebox_tools_alias@whitebox_backend 
[gw0] PASSED tests/unit/backends/test_whitebox_workflows_backend.py::test_package_no_longer_exposes_whitebox_tools_alias@whitebox_backend 
tests/unit/backends/test_whitebox_workflows_backend.py::test_whitebox_workflows_backend_suppresses_native_stdio@whitebox_backend 
[gw0] PASSED tests/unit/backends/test_whitebox_workflows_backend.py::test_whitebox_workflows_backend_suppresses_native_stdio@whitebox_backend 
tests/unit/backends/test_whitebox_workflows_backend.py::test_whitebox_tools_backend_module_is_no_longer_importable@whitebox_backend 
[gw0] PASSED tests/unit/backends/test_whitebox_workflows_backend.py::test_whitebox_tools_backend_module_is_no_longer_importable@whitebox_backend 
tests/unit/backends/test_whitebox_workflows_backend.py::test_whitebox_workflows_backend_smoke_operations@whitebox_backend 
[gw0] PASSED tests/unit/backends/test_whitebox_workflows_backend.py::test_whitebox_workflows_backend_smoke_operations@whitebox_backend 
tests/unit/backends/test_whitebox_workflows_backend.py::test_whitebox_workflows_backend_in_memory_chain@whitebox_backend 
[gw0] PASSED tests/unit/backends/test_whitebox_workflows_backend.py::test_whitebox_workflows_backend_in_memory_chain@whitebox_backend 
tests/unit/backends/test_whitebox_workflows_backend.py::test_whitebox_workflows_backend_rejects_empty_vector_write@whitebox_backend 
[gw0] PASSED tests/unit/backends/test_whitebox_workflows_backend.py::test_whitebox_workflows_backend_rejects_empty_vector_write@whitebox_backend 
tests/e2e/test_calibration_cycle.py::test_calibration_engine_runs_grid_and_finds_best 
[gw0] PASSED tests/e2e/test_calibration_cycle.py::test_calibration_engine_runs_grid_and_finds_best 
tests/e2e/test_export_hmp_inputs.py::test_export_bundles_registered_inputs 
[gw0] PASSED tests/e2e/test_export_hmp_inputs.py::test_export_bundles_registered_inputs 
tests/e2e/test_export_hmp_inputs.py::test_export_without_inputs_still_succeeds 
[gw0] PASSED tests/e2e/test_export_hmp_inputs.py::test_export_without_inputs_still_succeeds 
tests/e2e/test_export_hmp_inputs.py::test_export_bundles_shapefile_group 
[gw0] PASSED tests/e2e/test_export_hmp_inputs.py::test_export_bundles_shapefile_group 
tests/e2e/test_export_hmp_inputs.py::test_export_bundles_directory_input 
[gw0] PASSED tests/e2e/test_export_hmp_inputs.py::test_export_bundles_directory_input 
tests/e2e/test_export_hmp_roundtrip.py::test_hmp_package_roundtrip 
[gw0] PASSED tests/e2e/test_export_hmp_roundtrip.py::test_hmp_package_roundtrip 
tests/e2e/test_full_simulation_cycle.py::test_open_register_query_roundtrip 
[gw0] PASSED tests/e2e/test_full_simulation_cycle.py::test_open_register_query_roundtrip 
tests/e2e/test_hmp_add_roundtrip.py::test_add_copies_inputs_and_rewrites_paths 
[gw0] PASSED tests/e2e/test_hmp_add_roundtrip.py::test_add_copies_inputs_and_rewrites_paths 
tests/e2e/test_hmp_add_roundtrip.py::test_add_dedupes_reimport_of_same_archive 
[gw0] PASSED tests/e2e/test_hmp_add_roundtrip.py::test_add_dedupes_reimport_of_same_archive 
tests/e2e/test_hmp_add_roundtrip.py::test_add_aborts_on_hash_collision 
[gw0] PASSED tests/e2e/test_hmp_add_roundtrip.py::test_add_aborts_on_hash_collision 
tests/e2e/test_hmp_add_roundtrip.py::test_add_project_name_conflict_requires_as 
[gw0] PASSED tests/e2e/test_hmp_add_roundtrip.py::test_add_project_name_conflict_requires_as 
tests/e2e/test_hmp_add_roundtrip.py::test_add_dry_run_writes_nothing 
[gw0] PASSED tests/e2e/test_hmp_add_roundtrip.py::test_add_dry_run_writes_nothing 
tests/e2e/test_resume_after_interrupt.py::test_pipeline_resume_after_step_crash 
[gw0] PASSED tests/e2e/test_resume_after_interrupt.py::test_pipeline_resume_after_step_crash 
tests/e2e/test_resume_after_interrupt.py::test_pipeline_rebinds_unpicklable_values_after_resume 
[gw0] PASSED tests/e2e/test_resume_after_interrupt.py::test_pipeline_rebinds_unpicklable_values_after_resume 
tests/e2e/test_resume_after_interrupt.py::test_strip_unpicklable_emits_marker_with_type_name 
[gw0] PASSED tests/e2e/test_resume_after_interrupt.py::test_strip_unpicklable_emits_marker_with_type_name 
tests/e2e/test_resume_after_interrupt.py::test_checkpoint_strips_live_store_without_losing_ctx 
[gw0] PASSED tests/e2e/test_resume_after_interrupt.py::test_checkpoint_strips_live_store_without_losing_ctx 
tests/integration/test_calibration_bridge.py::TestMakeHotSimulator::test_returns_aligned_vector 
[gw0] PASSED tests/integration/test_calibration_bridge.py::TestMakeHotSimulator::test_returns_aligned_vector 
tests/integration/test_calibration_bridge.py::TestMakeHotSimulator::test_no_disk_io 
[gw0] PASSED tests/integration/test_calibration_bridge.py::TestMakeHotSimulator::test_no_disk_io 
tests/integration/test_calibration_bridge.py::TestMakeHotSimulator::test_different_params_different_results 
[gw0] PASSED tests/integration/test_calibration_bridge.py::TestMakeHotSimulator::test_different_params_different_results 
tests/integration/test_calibration_bridge.py::TestPromoteTrial::test_writes_to_store 
[gw0] PASSED tests/integration/test_calibration_bridge.py::TestPromoteTrial::test_writes_to_store 
tests/integration/test_calibration_bridge.py::TestPromoteTrial::test_persist_multiple_stations 
[gw0] PASSED tests/integration/test_calibration_bridge.py::TestPromoteTrial::test_persist_multiple_stations 
tests/integration/test_cli_subcommands.py::test_top_level_help_lists_every_subcommand 
[gw0] PASSED tests/integration/test_cli_subcommands.py::test_top_level_help_lists_every_subcommand 
tests/integration/test_cli_subcommands.py::test_subcommand_help_exits_zero[init] 
[gw0] PASSED tests/integration/test_cli_subcommands.py::test_subcommand_help_exits_zero[init] 
tests/integration/test_cli_subcommands.py::test_subcommand_help_exits_zero[new] 
[gw0] PASSED tests/integration/test_cli_subcommands.py::test_subcommand_help_exits_zero[new] 
tests/integration/test_cli_subcommands.py::test_subcommand_help_exits_zero[config] 
[gw0] PASSED tests/integration/test_cli_subcommands.py::test_subcommand_help_exits_zero[config] 
tests/integration/test_cli_subcommands.py::test_subcommand_help_exits_zero[schema] 
[gw0] PASSED tests/integration/test_cli_subcommands.py::test_subcommand_help_exits_zero[schema] 
tests/integration/test_cli_subcommands.py::test_subcommand_help_exits_zero[run] 
[gw0] PASSED tests/integration/test_cli_subcommands.py::test_subcommand_help_exits_zero[run] 
tests/integration/test_cli_subcommands.py::test_subcommand_help_exits_zero[dev] 
[gw0] PASSED tests/integration/test_cli_subcommands.py::test_subcommand_help_exits_zero[dev] 
tests/integration/test_cli_subcommands.py::test_subcommand_help_exits_zero[catalog] 
[gw0] PASSED tests/integration/test_cli_subcommands.py::test_subcommand_help_exits_zero[catalog] 
tests/integration/test_cli_subcommands.py::test_subcommand_help_exits_zero[display] 
[gw0] PASSED tests/integration/test_cli_subcommands.py::test_subcommand_help_exits_zero[display] 
tests/integration/test_cli_subcommands.py::test_subcommand_help_exits_zero[report] 
[gw0] PASSED tests/integration/test_cli_subcommands.py::test_subcommand_help_exits_zero[report] 
tests/integration/test_cli_subcommands.py::test_subcommand_help_exits_zero[list] 
[gw0] PASSED tests/integration/test_cli_subcommands.py::test_subcommand_help_exits_zero[list] 
tests/integration/test_cli_subcommands.py::test_subcommand_help_exits_zero[export] 
[gw0] PASSED tests/integration/test_cli_subcommands.py::test_subcommand_help_exits_zero[export] 
tests/integration/test_cli_subcommands.py::test_subcommand_help_exits_zero[test] 
[gw0] PASSED tests/integration/test_cli_subcommands.py::test_subcommand_help_exits_zero[test] 
tests/integration/test_cli_subcommands.py::test_subcommand_help_exits_zero[data] 
[gw0] PASSED tests/integration/test_cli_subcommands.py::test_subcommand_help_exits_zero[data] 
tests/integration/test_cli_subcommands.py::test_subcommand_help_exits_zero[lock] 
[gw0] PASSED tests/integration/test_cli_subcommands.py::test_subcommand_help_exits_zero[lock] 
tests/integration/test_cli_subcommands.py::test_subcommand_help_exits_zero[show] 
[gw0] PASSED tests/integration/test_cli_subcommands.py::test_subcommand_help_exits_zero[show] 
tests/integration/test_cli_subcommands.py::test_subcommand_help_exits_zero[compare] 
[gw0] PASSED tests/integration/test_cli_subcommands.py::test_subcommand_help_exits_zero[compare] 
tests/integration/test_cli_subcommands.py::test_subcommand_help_exits_zero[add] 
[gw0] PASSED tests/integration/test_cli_subcommands.py::test_subcommand_help_exits_zero[add] 
tests/integration/test_cli_subcommands.py::test_subcommand_help_exits_zero[import] 
[gw0] PASSED tests/integration/test_cli_subcommands.py::test_subcommand_help_exits_zero[import] 
tests/integration/test_cli_subcommands.py::test_subcommand_help_exits_zero[doctor] 
[gw0] PASSED tests/integration/test_cli_subcommands.py::test_subcommand_help_exits_zero[doctor] 
tests/integration/test_cli_subcommands.py::test_subcommand_help_exits_zero[inspect] 
[gw0] PASSED tests/integration/test_cli_subcommands.py::test_subcommand_help_exits_zero[inspect] 
tests/integration/test_cli_subcommands.py::test_subcommand_help_exits_zero[manage] 
[gw0] PASSED tests/integration/test_cli_subcommands.py::test_subcommand_help_exits_zero[manage] 
tests/integration/test_cli_subcommands.py::test_subcommand_help_exits_zero[install-binaries] 
[gw0] PASSED tests/integration/test_cli_subcommands.py::test_subcommand_help_exits_zero[install-binaries] 
tests/integration/test_cli_subcommands.py::test_subcommand_help_exits_zero[rank] 
[gw0] PASSED tests/integration/test_cli_subcommands.py::test_subcommand_help_exits_zero[rank] 
tests/integration/test_cli_subcommands.py::test_subcommand_help_exits_zero[delete] 
[gw0] PASSED tests/integration/test_cli_subcommands.py::test_subcommand_help_exits_zero[delete] 
tests/integration/test_cli_subcommands.py::test_subcommand_help_exits_zero[workspace] 
[gw0] PASSED tests/integration/test_cli_subcommands.py::test_subcommand_help_exits_zero[workspace] 
tests/integration/test_cli_subcommands.py::test_subcommand_help_exits_zero[completion] 
[gw0] PASSED tests/integration/test_cli_subcommands.py::test_subcommand_help_exits_zero[completion] 
tests/integration/test_cli_subcommands.py::test_version_flag_prints_version 
[gw0] PASSED tests/integration/test_cli_subcommands.py::test_version_flag_prints_version 
tests/integration/test_cli_subcommands.py::test_completion_emits_script[bash] 
[gw0] PASSED tests/integration/test_cli_subcommands.py::test_completion_emits_script[bash] 
tests/integration/test_cli_subcommands.py::test_completion_emits_script[zsh] 
[gw0] PASSED tests/integration/test_cli_subcommands.py::test_completion_emits_script[zsh] 
tests/integration/test_cli_subcommands.py::test_completion_emits_script[fish] 
[gw0] PASSED tests/integration/test_cli_subcommands.py::test_completion_emits_script[fish] 
tests/integration/test_cli_subcommands.py::test_run_dry_run_lists_steps 
[gw0] PASSED tests/integration/test_cli_subcommands.py::test_run_dry_run_lists_steps 
tests/integration/test_cli_subcommands.py::test_dev_run_script_help 
[gw0] PASSED tests/integration/test_cli_subcommands.py::test_dev_run_script_help 
tests/integration/test_cli_subcommands.py::test_config_check_reports_missing_file 
[gw0] PASSED tests/integration/test_cli_subcommands.py::test_config_check_reports_missing_file 
tests/integration/test_cli_subcommands.py::test_config_check_reports_invalid_toml 
[gw0] PASSED tests/integration/test_cli_subcommands.py::test_config_check_reports_invalid_toml 
tests/integration/test_cli_subcommands.py::test_config_template_writes_toml 
[gw0] PASSED tests/integration/test_cli_subcommands.py::test_config_template_writes_toml 
tests/integration/test_cli_subcommands.py::test_new_project_scaffold_writes_valid_run_config 
[gw0] PASSED tests/integration/test_cli_subcommands.py::test_new_project_scaffold_writes_valid_run_config 
tests/integration/test_fixtures_smoke.py::test_tmp_workspace_creates_layout 
[gw0] PASSED tests/integration/test_fixtures_smoke.py::test_tmp_workspace_creates_layout 
tests/integration/test_fixtures_smoke.py::test_minimal_config_is_valid 
[gw0] PASSED tests/integration/test_fixtures_smoke.py::test_minimal_config_is_valid 
tests/integration/test_ml_access_pattern.py::TestRunsEnvironment::test_environment_is_captured 
[gw0] PASSED tests/integration/test_ml_access_pattern.py::TestRunsEnvironment::test_environment_is_captured 
tests/integration/test_ml_access_pattern.py::TestDuckDBPattern::test_sql_select_returns_scientific_metadata 
[gw0] PASSED tests/integration/test_ml_access_pattern.py::TestDuckDBPattern::test_sql_select_returns_scientific_metadata 
tests/integration/test_ml_access_pattern.py::TestParquetPattern::test_parquet_with_kv_metadata 
[gw0] PASSED tests/integration/test_ml_access_pattern.py::TestParquetPattern::test_parquet_with_kv_metadata 
tests/integration/test_ml_access_pattern.py::TestZarrPattern::test_run_to_xarray_batch 
[gw0] PASSED tests/integration/test_ml_access_pattern.py::TestZarrPattern::test_run_to_xarray_batch 
tests/integration/test_ml_access_pattern.py::TestZarrPattern::test_run_to_xarray_batch_unknown_field_raises 
[gw0] PASSED tests/integration/test_ml_access_pattern.py::TestZarrPattern::test_run_to_xarray_batch_unknown_field_raises 
tests/integration/test_ml_access_pattern.py::TestTrainingSplit::test_split_deterministic_and_disjoint 
[gw0] PASSED tests/integration/test_ml_access_pattern.py::TestTrainingSplit::test_split_deterministic_and_disjoint 
tests/integration/test_ml_access_pattern.py::TestTrainingSplit::test_split_no_completed_returns_empty_tuples 
[gw0] PASSED tests/integration/test_ml_access_pattern.py::TestTrainingSplit::test_split_no_completed_returns_empty_tuples 
tests/integration/test_ml_access_pattern.py::TestTrainingSplit::test_split_without_sklearn_raises 
[gw0] PASSED tests/integration/test_ml_access_pattern.py::TestTrainingSplit::test_split_without_sklearn_raises 
tests/integration/test_ml_access_pattern.py::TestScientificObjective::test_write_scientific_objective_overrides_existing 
[gw0] PASSED tests/integration/test_ml_access_pattern.py::TestScientificObjective::test_write_scientific_objective_overrides_existing 
tests/integration/test_ml_access_pattern.py::TestScientificObjective::test_finalize_defaults_objective_when_missing 
[gw0] PASSED tests/integration/test_ml_access_pattern.py::TestScientificObjective::test_finalize_defaults_objective_when_missing 
tests/integration/test_public_api_workflow.py::test_open_returns_catalog_with_empty_dataframe 
[gw0] PASSED tests/integration/test_public_api_workflow.py::test_open_returns_catalog_with_empty_dataframe 
tests/integration/test_public_api_workflow.py::test_catalog_supports_context_manager 
[gw0] PASSED tests/integration/test_public_api_workflow.py::test_catalog_supports_context_manager 
tests/integration/test_public_api_workflow.py::test_register_write_query_roundtrip 
[gw0] PASSED tests/integration/test_public_api_workflow.py::test_register_write_query_roundtrip 
tests/integration/test_public_api_workflow.py::test_find_returns_simulation_group_filtered_by_metric 
[gw0] PASSED tests/integration/test_public_api_workflow.py::test_find_returns_simulation_group_filtered_by_metric 
tests/integration/test_public_api_workflow.py::test_best_returns_simulation_view_with_public_methods 
[gw0] PASSED tests/integration/test_public_api_workflow.py::test_best_returns_simulation_view_with_public_methods 
tests/integration/test_public_api_workflow.py::test_doctor_reports_expected_keys 
[gw0] PASSED tests/integration/test_public_api_workflow.py::test_doctor_reports_expected_keys 
tests/integration/test_public_api_workflow.py::test_catalog_alias_is_not_exposed 
[gw0] PASSED tests/integration/test_public_api_workflow.py::test_catalog_alias_is_not_exposed 
tests/integration/test_results_adapters.py::TestGr4jFlowExtractor::test_discharge_stored 
[gw0] PASSED tests/integration/test_results_adapters.py::TestGr4jFlowExtractor::test_discharge_stored 
tests/integration/test_results_adapters.py::TestGr4jFlowExtractor::test_extra_series 
[gw0] PASSED tests/integration/test_results_adapters.py::TestGr4jFlowExtractor::test_extra_series 
tests/integration/test_results_adapters.py::TestGr4jFlowExtractor::test_derive_noop 
[gw0] PASSED tests/integration/test_results_adapters.py::TestGr4jFlowExtractor::test_derive_noop 
tests/integration/test_results_adapters.py::TestDerivedVariables::test_watertable_elevation 
[gw0] PASSED tests/integration/test_results_adapters.py::TestDerivedVariables::test_watertable_elevation 
tests/integration/test_results_adapters.py::TestDerivedVariables::test_watertable_depth 
[gw0] PASSED tests/integration/test_results_adapters.py::TestDerivedVariables::test_watertable_depth 
tests/integration/test_results_adapters.py::TestDerivedVariables::test_seepage_mask 
[gw0] PASSED tests/integration/test_results_adapters.py::TestDerivedVariables::test_seepage_mask 
tests/integration/test_results_adapters.py::TestCleanupSolverFiles::test_remove_all 
[gw0] PASSED tests/integration/test_results_adapters.py::TestCleanupSolverFiles::test_remove_all 
tests/integration/test_results_adapters.py::TestCleanupSolverFiles::test_keep_extensions 
[gw0] PASSED tests/integration/test_results_adapters.py::TestCleanupSolverFiles::test_keep_extensions 
tests/integration/test_results_post_run.py::TestPostRunResults::test_store_disabled_noop 
[gw0] PASSED tests/integration/test_results_post_run.py::TestPostRunResults::test_store_disabled_noop 
tests/integration/test_results_post_run.py::TestPostRunResults::test_unknown_solver_raises 
[gw0] PASSED tests/integration/test_results_post_run.py::TestPostRunResults::test_unknown_solver_raises 
tests/integration/test_results_post_run.py::TestPostRunResults::test_no_output_dir_raises 
[gw0] PASSED tests/integration/test_results_post_run.py::TestPostRunResults::test_no_output_dir_raises 
tests/integration/test_results_post_run.py::TestPostRunResults::test_cleanup_when_keep_false 
[gw0] PASSED tests/integration/test_results_post_run.py::TestPostRunResults::test_cleanup_when_keep_false 
tests/integration/test_results_post_run.py::TestPostRunResults::test_keep_solver_files 
[gw0] PASSED tests/integration/test_results_post_run.py::TestPostRunResults::test_keep_solver_files 
tests/integration/test_results_post_run.py::TestPostRunResults::test_lumped_extractor_skips_catchment_aggregation 
[gw0] PASSED tests/integration/test_results_post_run.py::TestPostRunResults::test_lumped_extractor_skips_catchment_aggregation 
tests/integration/test_run_dataset_xugrid.py::test_dataset_returns_ugriddataset[dis-<lambda>] 
[gw0] PASSED tests/integration/test_run_dataset_xugrid.py::test_dataset_returns_ugriddataset[dis-<lambda>] 
tests/integration/test_run_dataset_xugrid.py::test_dataset_returns_ugriddataset[disv-_disv_mesh] 
[gw0] PASSED tests/integration/test_run_dataset_xugrid.py::test_dataset_returns_ugriddataset[disv-_disv_mesh] 
tests/integration/test_run_dataset_xugrid.py::test_dataset_returns_ugriddataset[disu-_triangle_mesh] 
[gw0] PASSED tests/integration/test_run_dataset_xugrid.py::test_dataset_returns_ugriddataset[disu-_triangle_mesh] 
tests/integration/test_run_dataset_xugrid.py::test_dataset_variable_filter 
[gw0] PASSED tests/integration/test_run_dataset_xugrid.py::test_dataset_variable_filter 
tests/integration/test_run_dataset_xugrid.py::test_dataset_unknown_variable_raises 
[gw0] PASSED tests/integration/test_run_dataset_xugrid.py::test_dataset_unknown_variable_raises 
tests/integration/test_run_dataset_xugrid.py::test_dataset_missing_variable_raises 
[gw0] PASSED tests/integration/test_run_dataset_xugrid.py::test_dataset_missing_variable_raises 
tests/integration/test_ux_acceptance.py::test_init_creates_workspace 
[gw0] PASSED tests/integration/test_ux_acceptance.py::test_init_creates_workspace 
tests/integration/test_ux_acceptance.py::test_new_creates_project_and_files 
[gw0] PASSED tests/integration/test_ux_acceptance.py::test_new_creates_project_and_files 
tests/integration/test_ux_acceptance.py::test_config_template_generates_toml 
[gw0] PASSED tests/integration/test_ux_acceptance.py::test_config_template_generates_toml 
tests/integration/test_ux_acceptance.py::test_run_dry_run_surfaces_plan 
[gw0] PASSED tests/integration/test_ux_acceptance.py::test_run_dry_run_surfaces_plan 
tests/integration/test_ux_acceptance.py::test_list_empty_workspace 
[gw0] PASSED tests/integration/test_ux_acceptance.py::test_list_empty_workspace 
tests/integration/test_ux_acceptance.py::test_doctor_reports_without_crash 
[gw0] PASSED tests/integration/test_ux_acceptance.py::test_doctor_reports_without_crash 
tests/integration/test_ux_acceptance.py::test_completion_all_shells 
[gw0] PASSED tests/integration/test_ux_acceptance.py::test_completion_all_shells 
tests/regression/extensive/intercomparison/test_boussinesq_natural_transient_intercomparison_extensive.py::test_natural_mesh_transient_pulse_mf6_boussinesq_intercomparison_regression 
[gw0] PASSED tests/regression/extensive/intercomparison/test_boussinesq_natural_transient_intercomparison_extensive.py::test_natural_mesh_transient_pulse_mf6_boussinesq_intercomparison_regression 
tests/regression/extensive/test_launcher_simulation_extensive_mf6_regression.py::test_launcher_simulation_extensive_mf6_regression 
[gw0] PASSED tests/regression/extensive/test_launcher_simulation_extensive_mf6_regression.py::test_launcher_simulation_extensive_mf6_regression 
tests/regression/extensive/test_launcher_simulation_extensive_nwt_regression.py::test_launcher_simulation_extensive_nwt_regression 
[gw0] SKIPPED tests/regression/extensive/test_launcher_simulation_extensive_nwt_regression.py::test_launcher_simulation_extensive_nwt_regression 
tests/regression/extensive/test_run_geographic_case_regression.py::test_run_geographic_case_regression_suite 
[gw0] PASSED tests/regression/extensive/test_run_geographic_case_regression.py::test_run_geographic_case_regression_suite 
tests/regression/extensive/test_run_geographic_case_river_network_regression.py::test_run_geographic_case_river_network_regression 
[gw0] PASSED tests/regression/extensive/test_run_geographic_case_river_network_regression.py::test_run_geographic_case_river_network_regression 
tests/regression/fast/calibration/test_analysis.py::test_calibrate_brutsaert_runs_and_yields_valid_diagnostics[grid_search] 
[gw0] PASSED tests/regression/fast/calibration/test_analysis.py::test_calibrate_brutsaert_runs_and_yields_valid_diagnostics[grid_search] 
tests/regression/fast/calibration/test_analysis.py::test_calibrate_brutsaert_runs_and_yields_valid_diagnostics[random_search] 
[gw0] PASSED tests/regression/fast/calibration/test_analysis.py::test_calibrate_brutsaert_runs_and_yields_valid_diagnostics[random_search] 
tests/regression/fast/calibration/test_analysis.py::test_calibrate_brutsaert_runs_and_yields_valid_diagnostics[scipy_nelder_mead] 
[gw0] PASSED tests/regression/fast/calibration/test_analysis.py::test_calibrate_brutsaert_runs_and_yields_valid_diagnostics[scipy_nelder_mead] 
tests/regression/fast/calibration/test_analysis.py::test_calibration_figure_renders_png[calibration_convergence] 
[gw0] PASSED tests/regression/fast/calibration/test_analysis.py::test_calibration_figure_renders_png[calibration_convergence] 
tests/regression/fast/calibration/test_analysis.py::test_calibration_figure_renders_png[calibration_trace] 
[gw0] PASSED tests/regression/fast/calibration/test_analysis.py::test_calibration_figure_renders_png[calibration_trace] 
tests/regression/fast/calibration/test_analysis.py::test_calibration_figure_renders_png[calibration_landscape] 
[gw0] PASSED tests/regression/fast/calibration/test_analysis.py::test_calibration_figure_renders_png[calibration_landscape] 
tests/regression/fast/calibration/test_analysis.py::test_calibration_figure_renders_png[calibration_posterior] 
[gw0] PASSED tests/regression/fast/calibration/test_analysis.py::test_calibration_figure_renders_png[calibration_posterior] 
tests/regression/fast/calibration/test_analysis.py::test_calibration_figure_renders_png[calibration_pairplot] 
[gw0] PASSED tests/regression/fast/calibration/test_analysis.py::test_calibration_figure_renders_png[calibration_pairplot] 
tests/regression/fast/calibration/test_analysis.py::test_calibration_figure_renders_png[calibration_objective_surface] 
[gw0] PASSED tests/regression/fast/calibration/test_analysis.py::test_calibration_figure_renders_png[calibration_objective_surface] 
tests/regression/fast/calibration/test_analysis.py::test_iterations_dataframe_roundtrip 
[gw0] PASSED tests/regression/fast/calibration/test_analysis.py::test_iterations_dataframe_roundtrip 
tests/regression/fast/calibration/test_brutsaert_methods.py::test_brutsaert_method_matches_golden[grid_search] 
[gw0] PASSED tests/regression/fast/calibration/test_brutsaert_methods.py::test_brutsaert_method_matches_golden[grid_search] 
tests/regression/fast/calibration/test_brutsaert_methods.py::test_brutsaert_method_matches_golden[random_search] 
[gw0] PASSED tests/regression/fast/calibration/test_brutsaert_methods.py::test_brutsaert_method_matches_golden[random_search] 
tests/regression/fast/calibration/test_brutsaert_methods.py::test_brutsaert_method_matches_golden[scipy_nelder_mead] 
[gw0] PASSED tests/regression/fast/calibration/test_brutsaert_methods.py::test_brutsaert_method_matches_golden[scipy_nelder_mead] 
tests/regression/fast/calibration/test_brutsaert_methods.py::test_brutsaert_method_matches_golden[cma_es] 
[gw0] SKIPPED tests/regression/fast/calibration/test_brutsaert_methods.py::test_brutsaert_method_matches_golden[cma_es] 
tests/regression/fast/calibration/test_brutsaert_methods.py::test_brutsaert_method_matches_golden[gp_mapping] 
[gw0] PASSED tests/regression/fast/calibration/test_brutsaert_methods.py::test_brutsaert_method_matches_golden[gp_mapping] 
tests/regression/fast/calibration/test_brutsaert_methods.py::test_brutsaert_method_matches_golden[da_mh_gp] 
[gw0] PASSED tests/regression/fast/calibration/test_brutsaert_methods.py::test_brutsaert_method_matches_golden[da_mh_gp] 
tests/regression/fast/intercomparison/test_mf6_support_intercomparison_fast_regression.py::test_modflow6_structured_and_irregular_tri_uniform_recharge_profiles_remain_close 
[gw0] PASSED tests/regression/fast/intercomparison/test_mf6_support_intercomparison_fast_regression.py::test_modflow6_structured_and_irregular_tri_uniform_recharge_profiles_remain_close 
tests/regression/fast/intercomparison/test_solver_intercomparison_fast_regression.py::test_dupuit_irregular_mesh_mf6_boussinesq_intercomparison_regression 
[gw0] PASSED tests/regression/fast/intercomparison/test_solver_intercomparison_fast_regression.py::test_dupuit_irregular_mesh_mf6_boussinesq_intercomparison_regression 
tests/regression/fast/intercomparison/test_xt3d_irregular_tri_fast_regression.py::test_modflow6_irregular_tri_xt3d_auto_improves_uniform_recharge 
[gw0] PASSED tests/regression/fast/intercomparison/test_xt3d_irregular_tri_fast_regression.py::test_modflow6_irregular_tri_xt3d_auto_improves_uniform_recharge 
tests/regression/fast/test_launcher_simulation_fast_boussinesq_divide_regression.py::test_launcher_simulation_fast_boussinesq_divide_regression 
[gw0] PASSED tests/regression/fast/test_launcher_simulation_fast_boussinesq_divide_regression.py::test_launcher_simulation_fast_boussinesq_divide_regression 
tests/regression/fast/test_launcher_simulation_fast_boussinesq_regression.py::test_launcher_simulation_fast_boussinesq_regression 
[gw0] PASSED tests/regression/fast/test_launcher_simulation_fast_boussinesq_regression.py::test_launcher_simulation_fast_boussinesq_regression 
tests/regression/fast/test_launcher_simulation_fast_mf6_regression.py::test_launcher_simulation_fast_mf6_regression 
[gw0] PASSED tests/regression/fast/test_launcher_simulation_fast_mf6_regression.py::test_launcher_simulation_fast_mf6_regression 
tests/regression/fast/test_launcher_simulation_fast_nwt_regression.py::test_launcher_simulation_fast_nwt_regression 
[gw0] SKIPPED tests/regression/fast/test_launcher_simulation_fast_nwt_regression.py::test_launcher_simulation_fast_nwt_regression 
tests/regression/fast/test_pipeline_full.py::test_pipeline_full_end_to_end 
[gw0] PASSED tests/regression/fast/test_pipeline_full.py::test_pipeline_full_end_to_end 
tests/regression/fast/test_pipeline_full.py::test_pipeline_crash_then_resume_converges 
[gw0] PASSED tests/regression/fast/test_pipeline_full.py::test_pipeline_crash_then_resume_converges 
tests/regression/test_api_public_consistency.py::test_lazy_import_listed_in_all[Boussinesq] 
[gw0] PASSED tests/regression/test_api_public_consistency.py::test_lazy_import_listed_in_all[Boussinesq] 
tests/regression/test_api_public_consistency.py::test_lazy_import_listed_in_all[CatalogIndex] 
[gw0] PASSED tests/regression/test_api_public_consistency.py::test_lazy_import_listed_in_all[CatalogIndex] 
tests/regression/test_api_public_consistency.py::test_lazy_import_listed_in_all[CatchmentDelineation] 
[gw0] PASSED tests/regression/test_api_public_consistency.py::test_lazy_import_listed_in_all[CatchmentDelineation] 
tests/regression/test_api_public_consistency.py::test_lazy_import_listed_in_all[DataManagersConfig] 
[gw0] PASSED tests/regression/test_api_public_consistency.py::test_lazy_import_listed_in_all[DataManagersConfig] 
tests/regression/test_api_public_consistency.py::test_lazy_import_listed_in_all[DemConfig] 
[gw0] PASSED tests/regression/test_api_public_consistency.py::test_lazy_import_listed_in_all[DemConfig] 
tests/regression/test_api_public_consistency.py::test_lazy_import_listed_in_all[DomainConfig] 
[gw0] PASSED tests/regression/test_api_public_consistency.py::test_lazy_import_listed_in_all[DomainConfig] 
tests/regression/test_api_public_consistency.py::test_lazy_import_listed_in_all[FlowConfig] 
[gw0] PASSED tests/regression/test_api_public_consistency.py::test_lazy_import_listed_in_all[FlowConfig] 
tests/regression/test_api_public_consistency.py::test_lazy_import_listed_in_all[FlowProcess] 
[gw0] PASSED tests/regression/test_api_public_consistency.py::test_lazy_import_listed_in_all[FlowProcess] 
tests/regression/test_api_public_consistency.py::test_lazy_import_listed_in_all[GeographicConfig] 
[gw0] PASSED tests/regression/test_api_public_consistency.py::test_lazy_import_listed_in_all[GeographicConfig] 
tests/regression/test_api_public_consistency.py::test_lazy_import_listed_in_all[GeologyConfig] 
[gw0] PASSED tests/regression/test_api_public_consistency.py::test_lazy_import_listed_in_all[GeologyConfig] 
tests/regression/test_api_public_consistency.py::test_lazy_import_listed_in_all[HydroMesh] 
[gw0] PASSED tests/regression/test_api_public_consistency.py::test_lazy_import_listed_in_all[HydroMesh] 
tests/regression/test_api_public_consistency.py::test_lazy_import_listed_in_all[HydroModPyConfig] 
[gw0] PASSED tests/regression/test_api_public_consistency.py::test_lazy_import_listed_in_all[HydroModPyConfig] 
tests/regression/test_api_public_consistency.py::test_lazy_import_listed_in_all[HydrographyConfig] 
[gw0] PASSED tests/regression/test_api_public_consistency.py::test_lazy_import_listed_in_all[HydrographyConfig] 
tests/regression/test_api_public_consistency.py::test_lazy_import_listed_in_all[HydrographyManager] 
[gw0] PASSED tests/regression/test_api_public_consistency.py::test_lazy_import_listed_in_all[HydrographyManager] 
tests/regression/test_api_public_consistency.py::test_lazy_import_listed_in_all[HydrometryConfig] 
[gw0] PASSED tests/regression/test_api_public_consistency.py::test_lazy_import_listed_in_all[HydrometryConfig] 
tests/regression/test_api_public_consistency.py::test_lazy_import_listed_in_all[IntermittencyConfig] 
[gw0] PASSED tests/regression/test_api_public_consistency.py::test_lazy_import_listed_in_all[IntermittencyConfig] 
tests/regression/test_api_public_consistency.py::test_lazy_import_listed_in_all[IntermittencyManager] 
[gw0] PASSED tests/regression/test_api_public_consistency.py::test_lazy_import_listed_in_all[IntermittencyManager] 
tests/regression/test_api_public_consistency.py::test_lazy_import_listed_in_all[Modflow6] 
[gw0] PASSED tests/regression/test_api_public_consistency.py::test_lazy_import_listed_in_all[Modflow6] 
tests/regression/test_api_public_consistency.py::test_lazy_import_listed_in_all[ModflowNwt] 
[gw0] PASSED tests/regression/test_api_public_consistency.py::test_lazy_import_listed_in_all[ModflowNwt] 
tests/regression/test_api_public_consistency.py::test_lazy_import_listed_in_all[Modpath] 
[gw0] PASSED tests/regression/test_api_public_consistency.py::test_lazy_import_listed_in_all[Modpath] 
tests/regression/test_api_public_consistency.py::test_lazy_import_listed_in_all[Mt3dms] 
[gw0] PASSED tests/regression/test_api_public_consistency.py::test_lazy_import_listed_in_all[Mt3dms] 
tests/regression/test_api_public_consistency.py::test_lazy_import_listed_in_all[OceanicConfig] 
[gw0] PASSED tests/regression/test_api_public_consistency.py::test_lazy_import_listed_in_all[OceanicConfig] 
tests/regression/test_api_public_consistency.py::test_lazy_import_listed_in_all[OceanicManager] 
[gw0] PASSED tests/regression/test_api_public_consistency.py::test_lazy_import_listed_in_all[OceanicManager] 
tests/regression/test_api_public_consistency.py::test_lazy_import_listed_in_all[PiezometryConfig] 
[gw0] PASSED tests/regression/test_api_public_consistency.py::test_lazy_import_listed_in_all[PiezometryConfig] 
tests/regression/test_api_public_consistency.py::test_lazy_import_listed_in_all[Project] 
[gw0] PASSED tests/regression/test_api_public_consistency.py::test_lazy_import_listed_in_all[Project] 
tests/regression/test_api_public_consistency.py::test_lazy_import_listed_in_all[RechargeConfig] 
[gw0] PASSED tests/regression/test_api_public_consistency.py::test_lazy_import_listed_in_all[RechargeConfig] 
tests/regression/test_api_public_consistency.py::test_lazy_import_listed_in_all[Run] 
[gw0] PASSED tests/regression/test_api_public_consistency.py::test_lazy_import_listed_in_all[Run] 
tests/regression/test_api_public_consistency.py::test_lazy_import_listed_in_all[SimulationCatalog] 
[gw0] PASSED tests/regression/test_api_public_consistency.py::test_lazy_import_listed_in_all[SimulationCatalog] 
tests/regression/test_api_public_consistency.py::test_lazy_import_listed_in_all[SimulationConfig] 
[gw0] PASSED tests/regression/test_api_public_consistency.py::test_lazy_import_listed_in_all[SimulationConfig] 
tests/regression/test_api_public_consistency.py::test_lazy_import_listed_in_all[SimulationGroup] 
[gw0] PASSED tests/regression/test_api_public_consistency.py::test_lazy_import_listed_in_all[SimulationGroup] 
tests/regression/test_api_public_consistency.py::test_lazy_import_listed_in_all[SimulationPlan] 
[gw0] PASSED tests/regression/test_api_public_consistency.py::test_lazy_import_listed_in_all[SimulationPlan] 
tests/regression/test_api_public_consistency.py::test_lazy_import_listed_in_all[Subbasin] 
[gw0] PASSED tests/regression/test_api_public_consistency.py::test_lazy_import_listed_in_all[Subbasin] 
tests/regression/test_api_public_consistency.py::test_lazy_import_listed_in_all[TransportConfig] 
[gw0] PASSED tests/regression/test_api_public_consistency.py::test_lazy_import_listed_in_all[TransportConfig] 
tests/regression/test_api_public_consistency.py::test_lazy_import_listed_in_all[TransportProcess] 
[gw0] PASSED tests/regression/test_api_public_consistency.py::test_lazy_import_listed_in_all[TransportProcess] 
tests/regression/test_api_public_consistency.py::test_lazy_import_listed_in_all[Workspace] 
[gw0] PASSED tests/regression/test_api_public_consistency.py::test_lazy_import_listed_in_all[Workspace] 
tests/regression/test_api_public_consistency.py::test_lazy_import_listed_in_all[WorkspaceConfig] 
[gw0] PASSED tests/regression/test_api_public_consistency.py::test_lazy_import_listed_in_all[WorkspaceConfig] 
tests/regression/test_api_public_consistency.py::test_module_export_listed_in_all[analysis] 
[gw0] PASSED tests/regression/test_api_public_consistency.py::test_module_export_listed_in_all[analysis] 
tests/regression/test_api_public_consistency.py::test_module_export_listed_in_all[calibration] 
[gw0] PASSED tests/regression/test_api_public_consistency.py::test_module_export_listed_in_all[calibration] 
tests/regression/test_api_public_consistency.py::test_module_export_listed_in_all[config] 
[gw0] PASSED tests/regression/test_api_public_consistency.py::test_module_export_listed_in_all[config] 
tests/regression/test_api_public_consistency.py::test_module_export_listed_in_all[core] 
[gw0] PASSED tests/regression/test_api_public_consistency.py::test_module_export_listed_in_all[core] 
tests/regression/test_api_public_consistency.py::test_module_export_listed_in_all[data] 
[gw0] PASSED tests/regression/test_api_public_consistency.py::test_module_export_listed_in_all[data] 
tests/regression/test_api_public_consistency.py::test_module_export_listed_in_all[physics] 
[gw0] PASSED tests/regression/test_api_public_consistency.py::test_module_export_listed_in_all[physics] 
tests/regression/test_api_public_consistency.py::test_module_export_listed_in_all[results] 
[gw0] PASSED tests/regression/test_api_public_consistency.py::test_module_export_listed_in_all[results] 
tests/regression/test_api_public_consistency.py::test_module_export_listed_in_all[simulation] 
[gw0] PASSED tests/regression/test_api_public_consistency.py::test_module_export_listed_in_all[simulation] 
tests/regression/test_api_public_consistency.py::test_module_export_listed_in_all[solver] 
[gw0] PASSED tests/regression/test_api_public_consistency.py::test_module_export_listed_in_all[solver] 
tests/regression/test_api_public_consistency.py::test_module_export_listed_in_all[spatial] 
[gw0] PASSED tests/regression/test_api_public_consistency.py::test_module_export_listed_in_all[spatial] 
tests/regression/test_api_public_consistency.py::test_module_export_listed_in_all[workflow] 
[gw0] PASSED tests/regression/test_api_public_consistency.py::test_module_export_listed_in_all[workflow] 
tests/regression/test_api_public_consistency.py::test_lazy_or_module_resolves[Boussinesq] 
[gw0] PASSED tests/regression/test_api_public_consistency.py::test_lazy_or_module_resolves[Boussinesq] 
tests/regression/test_api_public_consistency.py::test_lazy_or_module_resolves[CatalogIndex] 
[gw0] PASSED tests/regression/test_api_public_consistency.py::test_lazy_or_module_resolves[CatalogIndex] 
tests/regression/test_api_public_consistency.py::test_lazy_or_module_resolves[CatchmentDelineation] 
[gw0] PASSED tests/regression/test_api_public_consistency.py::test_lazy_or_module_resolves[CatchmentDelineation] 
tests/regression/test_api_public_consistency.py::test_lazy_or_module_resolves[DataManagersConfig] 
[gw0] PASSED tests/regression/test_api_public_consistency.py::test_lazy_or_module_resolves[DataManagersConfig] 
tests/regression/test_api_public_consistency.py::test_lazy_or_module_resolves[DemConfig] 
[gw0] PASSED tests/regression/test_api_public_consistency.py::test_lazy_or_module_resolves[DemConfig] 
tests/regression/test_api_public_consistency.py::test_lazy_or_module_resolves[DomainConfig] 
[gw0] PASSED tests/regression/test_api_public_consistency.py::test_lazy_or_module_resolves[DomainConfig] 
tests/regression/test_api_public_consistency.py::test_lazy_or_module_resolves[FlowConfig] 
[gw0] PASSED tests/regression/test_api_public_consistency.py::test_lazy_or_module_resolves[FlowConfig] 
tests/regression/test_api_public_consistency.py::test_lazy_or_module_resolves[FlowProcess] 
[gw0] PASSED tests/regression/test_api_public_consistency.py::test_lazy_or_module_resolves[FlowProcess] 
tests/regression/test_api_public_consistency.py::test_lazy_or_module_resolves[GeographicConfig] 
[gw0] PASSED tests/regression/test_api_public_consistency.py::test_lazy_or_module_resolves[GeographicConfig] 
tests/regression/test_api_public_consistency.py::test_lazy_or_module_resolves[GeologyConfig] 
[gw0] PASSED tests/regression/test_api_public_consistency.py::test_lazy_or_module_resolves[GeologyConfig] 
tests/regression/test_api_public_consistency.py::test_lazy_or_module_resolves[HydroMesh] 
[gw0] PASSED tests/regression/test_api_public_consistency.py::test_lazy_or_module_resolves[HydroMesh] 
tests/regression/test_api_public_consistency.py::test_lazy_or_module_resolves[HydroModPyConfig] 
[gw0] PASSED tests/regression/test_api_public_consistency.py::test_lazy_or_module_resolves[HydroModPyConfig] 
tests/regression/test_api_public_consistency.py::test_lazy_or_module_resolves[HydrographyConfig] 
[gw0] PASSED tests/regression/test_api_public_consistency.py::test_lazy_or_module_resolves[HydrographyConfig] 
tests/regression/test_api_public_consistency.py::test_lazy_or_module_resolves[HydrographyManager] 
[gw0] PASSED tests/regression/test_api_public_consistency.py::test_lazy_or_module_resolves[HydrographyManager] 
tests/regression/test_api_public_consistency.py::test_lazy_or_module_resolves[HydrometryConfig] 
[gw0] PASSED tests/regression/test_api_public_consistency.py::test_lazy_or_module_resolves[HydrometryConfig] 
tests/regression/test_api_public_consistency.py::test_lazy_or_module_resolves[IntermittencyConfig] 
[gw0] PASSED tests/regression/test_api_public_consistency.py::test_lazy_or_module_resolves[IntermittencyConfig] 
tests/regression/test_api_public_consistency.py::test_lazy_or_module_resolves[IntermittencyManager] 
[gw0] PASSED tests/regression/test_api_public_consistency.py::test_lazy_or_module_resolves[IntermittencyManager] 
tests/regression/test_api_public_consistency.py::test_lazy_or_module_resolves[Modflow6] 
[gw0] PASSED tests/regression/test_api_public_consistency.py::test_lazy_or_module_resolves[Modflow6] 
tests/regression/test_api_public_consistency.py::test_lazy_or_module_resolves[ModflowNwt] 
[gw0] PASSED tests/regression/test_api_public_consistency.py::test_lazy_or_module_resolves[ModflowNwt] 
tests/regression/test_api_public_consistency.py::test_lazy_or_module_resolves[Modpath] 
[gw0] PASSED tests/regression/test_api_public_consistency.py::test_lazy_or_module_resolves[Modpath] 
tests/regression/test_api_public_consistency.py::test_lazy_or_module_resolves[Mt3dms] 
[gw0] PASSED tests/regression/test_api_public_consistency.py::test_lazy_or_module_resolves[Mt3dms] 
tests/regression/test_api_public_consistency.py::test_lazy_or_module_resolves[OceanicConfig] 
[gw0] PASSED tests/regression/test_api_public_consistency.py::test_lazy_or_module_resolves[OceanicConfig] 
tests/regression/test_api_public_consistency.py::test_lazy_or_module_resolves[OceanicManager] 
[gw0] PASSED tests/regression/test_api_public_consistency.py::test_lazy_or_module_resolves[OceanicManager] 
tests/regression/test_api_public_consistency.py::test_lazy_or_module_resolves[PiezometryConfig] 
[gw0] PASSED tests/regression/test_api_public_consistency.py::test_lazy_or_module_resolves[PiezometryConfig] 
tests/regression/test_api_public_consistency.py::test_lazy_or_module_resolves[Project] 
[gw0] PASSED tests/regression/test_api_public_consistency.py::test_lazy_or_module_resolves[Project] 
tests/regression/test_api_public_consistency.py::test_lazy_or_module_resolves[RechargeConfig] 
[gw0] PASSED tests/regression/test_api_public_consistency.py::test_lazy_or_module_resolves[RechargeConfig] 
tests/regression/test_api_public_consistency.py::test_lazy_or_module_resolves[Run] 
[gw0] PASSED tests/regression/test_api_public_consistency.py::test_lazy_or_module_resolves[Run] 
tests/regression/test_api_public_consistency.py::test_lazy_or_module_resolves[SimulationCatalog] 
[gw0] PASSED tests/regression/test_api_public_consistency.py::test_lazy_or_module_resolves[SimulationCatalog] 
tests/regression/test_api_public_consistency.py::test_lazy_or_module_resolves[SimulationConfig] 
[gw0] PASSED tests/regression/test_api_public_consistency.py::test_lazy_or_module_resolves[SimulationConfig] 
tests/regression/test_api_public_consistency.py::test_lazy_or_module_resolves[SimulationGroup] 
[gw0] PASSED tests/regression/test_api_public_consistency.py::test_lazy_or_module_resolves[SimulationGroup] 
tests/regression/test_api_public_consistency.py::test_lazy_or_module_resolves[SimulationPlan] 
[gw0] PASSED tests/regression/test_api_public_consistency.py::test_lazy_or_module_resolves[SimulationPlan] 
tests/regression/test_api_public_consistency.py::test_lazy_or_module_resolves[Subbasin] 
[gw0] PASSED tests/regression/test_api_public_consistency.py::test_lazy_or_module_resolves[Subbasin] 
tests/regression/test_api_public_consistency.py::test_lazy_or_module_resolves[TransportConfig] 
[gw0] PASSED tests/regression/test_api_public_consistency.py::test_lazy_or_module_resolves[TransportConfig] 
tests/regression/test_api_public_consistency.py::test_lazy_or_module_resolves[TransportProcess] 
[gw0] PASSED tests/regression/test_api_public_consistency.py::test_lazy_or_module_resolves[TransportProcess] 
tests/regression/test_api_public_consistency.py::test_lazy_or_module_resolves[Workspace] 
[gw0] PASSED tests/regression/test_api_public_consistency.py::test_lazy_or_module_resolves[Workspace] 
tests/regression/test_api_public_consistency.py::test_lazy_or_module_resolves[WorkspaceConfig] 
[gw0] PASSED tests/regression/test_api_public_consistency.py::test_lazy_or_module_resolves[WorkspaceConfig] 
tests/regression/test_api_public_consistency.py::test_lazy_or_module_resolves[analysis] 
[gw0] PASSED tests/regression/test_api_public_consistency.py::test_lazy_or_module_resolves[analysis] 
tests/regression/test_api_public_consistency.py::test_lazy_or_module_resolves[calibration] 
[gw0] PASSED tests/regression/test_api_public_consistency.py::test_lazy_or_module_resolves[calibration] 
tests/regression/test_api_public_consistency.py::test_lazy_or_module_resolves[config] 
[gw0] PASSED tests/regression/test_api_public_consistency.py::test_lazy_or_module_resolves[config] 
tests/regression/test_api_public_consistency.py::test_lazy_or_module_resolves[core] 
[gw0] PASSED tests/regression/test_api_public_consistency.py::test_lazy_or_module_resolves[core] 
tests/regression/test_api_public_consistency.py::test_lazy_or_module_resolves[data] 
[gw0] PASSED tests/regression/test_api_public_consistency.py::test_lazy_or_module_resolves[data] 
tests/regression/test_api_public_consistency.py::test_lazy_or_module_resolves[physics] 
[gw0] PASSED tests/regression/test_api_public_consistency.py::test_lazy_or_module_resolves[physics] 
tests/regression/test_api_public_consistency.py::test_lazy_or_module_resolves[results] 
[gw0] PASSED tests/regression/test_api_public_consistency.py::test_lazy_or_module_resolves[results] 
tests/regression/test_api_public_consistency.py::test_lazy_or_module_resolves[simulation] 
[gw0] PASSED tests/regression/test_api_public_consistency.py::test_lazy_or_module_resolves[simulation] 
tests/regression/test_api_public_consistency.py::test_lazy_or_module_resolves[solver] 
[gw0] PASSED tests/regression/test_api_public_consistency.py::test_lazy_or_module_resolves[solver] 
tests/regression/test_api_public_consistency.py::test_lazy_or_module_resolves[spatial] 
[gw0] PASSED tests/regression/test_api_public_consistency.py::test_lazy_or_module_resolves[spatial] 
tests/regression/test_api_public_consistency.py::test_lazy_or_module_resolves[workflow] 
[gw0] PASSED tests/regression/test_api_public_consistency.py::test_lazy_or_module_resolves[workflow] 
tests/regression/test_api_public_consistency.py::test_all_set_equals_lazy_union_module_union_direct 
[gw0] PASSED tests/regression/test_api_public_consistency.py::test_all_set_equals_lazy_union_module_union_direct 
tests/regression/test_api_public_consistency.py::test_all_has_no_duplicates 
[gw0] PASSED tests/regression/test_api_public_consistency.py::test_all_has_no_duplicates 
tests/regression/test_api_public_consistency.py::test_lazy_and_module_keys_disjoint 
[gw0] PASSED tests/regression/test_api_public_consistency.py::test_lazy_and_module_keys_disjoint 
tests/unit/analysis/comparison/test_numerical_closure.py::test_build_numerical_closure_tables_summarizes_budget_residuals 
[gw0] PASSED tests/unit/analysis/comparison/test_numerical_closure.py::test_build_numerical_closure_tables_summarizes_budget_residuals 
tests/unit/analysis/comparison/test_numerical_closure.py::test_build_numerical_closure_tables_prefers_direct_closure_residual 
[gw0] PASSED tests/unit/analysis/comparison/test_numerical_closure.py::test_build_numerical_closure_tables_prefers_direct_closure_residual 
tests/unit/analysis/comparison/test_numerical_closure.py::test_write_numerical_closure_exports_persists_catalog_metrics 
[gw0] PASSED tests/unit/analysis/comparison/test_numerical_closure.py::test_write_numerical_closure_exports_persists_catalog_metrics 
tests/unit/analysis/comparison/test_runtime_series_time_axis.py::test_load_variable_series_uses_root_time_when_bouss_state_axis_is_degenerate 
[gw0] PASSED tests/unit/analysis/comparison/test_runtime_series_time_axis.py::test_load_variable_series_uses_root_time_when_bouss_state_axis_is_degenerate 
tests/unit/analysis/comparison/test_runtime_series_time_axis.py::test_load_variable_series_does_not_mark_root_time_as_initial_without_bouss_state 
[gw0] PASSED tests/unit/analysis/comparison/test_runtime_series_time_axis.py::test_load_variable_series_does_not_mark_root_time_as_initial_without_bouss_state 
tests/unit/analysis/comparison/test_runtime_series_time_axis.py::test_single_snapshot_boussinesq_store_field_is_steady_result 
[gw0] PASSED tests/unit/analysis/comparison/test_runtime_series_time_axis.py::test_single_snapshot_boussinesq_store_field_is_steady_result 
tests/unit/analysis/comparison/test_runtime_series_time_axis.py::test_single_snapshot_boussinesq_state_history_is_steady_result 
[gw0] PASSED tests/unit/analysis/comparison/test_runtime_series_time_axis.py::test_single_snapshot_boussinesq_state_history_is_steady_result 
tests/unit/analysis/comparison/test_runtime_series_time_axis.py::test_load_boussinesq_state_series_marks_root_time_initial_when_periods_match 
[gw0] PASSED tests/unit/analysis/comparison/test_runtime_series_time_axis.py::test_load_boussinesq_state_series_marks_root_time_initial_when_periods_match 
tests/unit/analysis/comparison/test_visuals_helpers.py::test_slug_basic_lowercases_and_replaces 
[gw0] PASSED tests/unit/analysis/comparison/test_visuals_helpers.py::test_slug_basic_lowercases_and_replaces 
tests/unit/analysis/comparison/test_visuals_helpers.py::test_slug_collapses_multiple_separators 
[gw0] PASSED tests/unit/analysis/comparison/test_visuals_helpers.py::test_slug_collapses_multiple_separators 
tests/unit/analysis/comparison/test_visuals_helpers.py::test_slug_empty_string_returns_item_sentinel 
[gw0] PASSED tests/unit/analysis/comparison/test_visuals_helpers.py::test_slug_empty_string_returns_item_sentinel 
tests/unit/analysis/comparison/test_visuals_helpers.py::test_pretty_label_replaces_underscores_and_caps 
[gw0] PASSED tests/unit/analysis/comparison/test_visuals_helpers.py::test_pretty_label_replaces_underscores_and_caps 
tests/unit/analysis/comparison/test_visuals_helpers.py::test_pretty_label_collapses_whitespace 
[gw0] PASSED tests/unit/analysis/comparison/test_visuals_helpers.py::test_pretty_label_collapses_whitespace 
tests/unit/analysis/comparison/test_visuals_helpers.py::test_pretty_label_empty_returns_value_sentinel 
[gw0] PASSED tests/unit/analysis/comparison/test_visuals_helpers.py::test_pretty_label_empty_returns_value_sentinel 
tests/unit/analysis/comparison/test_visuals_helpers.py::test_display_simulation_label_short_keeps_label 
[gw0] PASSED tests/unit/analysis/comparison/test_visuals_helpers.py::test_display_simulation_label_short_keeps_label 
tests/unit/analysis/comparison/test_visuals_helpers.py::test_display_simulation_label_long_falls_back_to_id 
[gw0] PASSED tests/unit/analysis/comparison/test_visuals_helpers.py::test_display_simulation_label_long_falls_back_to_id 
tests/unit/analysis/comparison/test_visuals_helpers.py::test_display_simulation_label_empty_label_uses_id 
[gw0] PASSED tests/unit/analysis/comparison/test_visuals_helpers.py::test_display_simulation_label_empty_label_uses_id 
tests/unit/analysis/comparison/test_visuals_helpers.py::test_simulation_panel_title_includes_solver_lower 
[gw0] PASSED tests/unit/analysis/comparison/test_visuals_helpers.py::test_simulation_panel_title_includes_solver_lower 
tests/unit/analysis/comparison/test_visuals_helpers.py::test_simulation_panel_title_no_solver_returns_label_only 
[gw0] PASSED tests/unit/analysis/comparison/test_visuals_helpers.py::test_simulation_panel_title_no_solver_returns_label_only 
tests/unit/analysis/comparison/test_visuals_helpers.py::test_legend_ncols[0-1] 
[gw0] PASSED tests/unit/analysis/comparison/test_visuals_helpers.py::test_legend_ncols[0-1] 
tests/unit/analysis/comparison/test_visuals_helpers.py::test_legend_ncols[1-1] 
[gw0] PASSED tests/unit/analysis/comparison/test_visuals_helpers.py::test_legend_ncols[1-1] 
tests/unit/analysis/comparison/test_visuals_helpers.py::test_legend_ncols[2-2] 
[gw0] PASSED tests/unit/analysis/comparison/test_visuals_helpers.py::test_legend_ncols[2-2] 
tests/unit/analysis/comparison/test_visuals_helpers.py::test_legend_ncols[4-2] 
[gw0] PASSED tests/unit/analysis/comparison/test_visuals_helpers.py::test_legend_ncols[4-2] 
tests/unit/analysis/comparison/test_visuals_helpers.py::test_legend_ncols[5-3] 
[gw0] PASSED tests/unit/analysis/comparison/test_visuals_helpers.py::test_legend_ncols[5-3] 
tests/unit/analysis/comparison/test_visuals_helpers.py::test_legend_ncols[12-3] 
[gw0] PASSED tests/unit/analysis/comparison/test_visuals_helpers.py::test_legend_ncols[12-3] 
tests/unit/analysis/comparison/test_visuals_helpers.py::test_estimate_extent_returns_none_when_inputs_none 
[gw0] PASSED tests/unit/analysis/comparison/test_visuals_helpers.py::test_estimate_extent_returns_none_when_inputs_none 
tests/unit/analysis/comparison/test_visuals_helpers.py::test_estimate_extent_returns_none_when_no_finite_pair 
[gw0] PASSED tests/unit/analysis/comparison/test_visuals_helpers.py::test_estimate_extent_returns_none_when_no_finite_pair 
tests/unit/analysis/comparison/test_visuals_helpers.py::test_estimate_extent_basic_grid 
[gw0] PASSED tests/unit/analysis/comparison/test_visuals_helpers.py::test_estimate_extent_basic_grid 
tests/unit/analysis/comparison/test_visuals_helpers.py::test_estimate_extent_single_unique_value_uses_unit_spacing 
[gw0] PASSED tests/unit/analysis/comparison/test_visuals_helpers.py::test_estimate_extent_single_unique_value_uses_unit_spacing 
tests/unit/analysis/comparison/test_visuals_helpers.py::test_payload_extent_returns_payload_extent_directly 
[gw0] PASSED tests/unit/analysis/comparison/test_visuals_helpers.py::test_payload_extent_returns_payload_extent_directly 
tests/unit/analysis/comparison/test_visuals_helpers.py::test_payload_extent_falls_back_to_centroids 
[gw0] PASSED tests/unit/analysis/comparison/test_visuals_helpers.py::test_payload_extent_falls_back_to_centroids 
tests/unit/analysis/comparison/test_visuals_helpers.py::test_payload_samples_none_when_xy_missing 
[gw0] PASSED tests/unit/analysis/comparison/test_visuals_helpers.py::test_payload_samples_none_when_xy_missing 
tests/unit/analysis/comparison/test_visuals_helpers.py::test_payload_samples_returns_finite_values_only 
[gw0] PASSED tests/unit/analysis/comparison/test_visuals_helpers.py::test_payload_samples_returns_finite_values_only 
tests/unit/analysis/comparison/test_visuals_helpers.py::test_payload_samples_size_mismatch_returns_none 
[gw0] PASSED tests/unit/analysis/comparison/test_visuals_helpers.py::test_payload_samples_size_mismatch_returns_none 
tests/unit/analysis/comparison/test_visuals_helpers.py::test_solver_color_stable_for_same_name 
[gw0] PASSED tests/unit/analysis/comparison/test_visuals_helpers.py::test_solver_color_stable_for_same_name 
tests/unit/analysis/comparison/test_visuals_helpers.py::test_solver_color_empty_returns_neutral_grey 
[gw0] PASSED tests/unit/analysis/comparison/test_visuals_helpers.py::test_solver_color_empty_returns_neutral_grey 
tests/unit/analysis/comparison/test_visuals_helpers.py::test_solver_color_distinct_for_distinct_names 
[gw0] PASSED tests/unit/analysis/comparison/test_visuals_helpers.py::test_solver_color_distinct_for_distinct_names 
tests/unit/analysis/comparison/test_visuals_helpers.py::test_solver_color_uses_method_family_aliases 
[gw0] PASSED tests/unit/analysis/comparison/test_visuals_helpers.py::test_solver_color_uses_method_family_aliases 
tests/unit/analysis/comparison/test_visuals_helpers.py::test_rgba_to_hex_basic 
[gw0] PASSED tests/unit/analysis/comparison/test_visuals_helpers.py::test_rgba_to_hex_basic 
tests/unit/analysis/comparison/test_visuals_helpers.py::test_is_flux_like_name_true[accumulation_flux] 
[gw0] PASSED tests/unit/analysis/comparison/test_visuals_helpers.py::test_is_flux_like_name_true[accumulation_flux] 
tests/unit/analysis/comparison/test_visuals_helpers.py::test_is_flux_like_name_true[outflow_drain] 
[gw0] PASSED tests/unit/analysis/comparison/test_visuals_helpers.py::test_is_flux_like_name_true[outflow_drain] 
tests/unit/analysis/comparison/test_visuals_helpers.py::test_is_flux_like_name_true[surface_excess_total] 
[gw0] PASSED tests/unit/analysis/comparison/test_visuals_helpers.py::test_is_flux_like_name_true[surface_excess_total] 
tests/unit/analysis/comparison/test_visuals_helpers.py::test_is_flux_like_name_true[saturation_excess] 
[gw0] PASSED tests/unit/analysis/comparison/test_visuals_helpers.py::test_is_flux_like_name_true[saturation_excess] 
tests/unit/analysis/comparison/test_visuals_helpers.py::test_is_flux_like_name_true[runoff] 
[gw0] PASSED tests/unit/analysis/comparison/test_visuals_helpers.py::test_is_flux_like_name_true[runoff] 
tests/unit/analysis/comparison/test_visuals_helpers.py::test_is_flux_like_name_false_for_head 
[gw0] PASSED tests/unit/analysis/comparison/test_visuals_helpers.py::test_is_flux_like_name_false_for_head 
tests/unit/analysis/comparison/test_visuals_helpers.py::test_safe_float_none_returns_none 
[gw0] PASSED tests/unit/analysis/comparison/test_visuals_helpers.py::test_safe_float_none_returns_none 
tests/unit/analysis/comparison/test_visuals_helpers.py::test_safe_float_empty_string_returns_none 
[gw0] PASSED tests/unit/analysis/comparison/test_visuals_helpers.py::test_safe_float_empty_string_returns_none 
tests/unit/analysis/comparison/test_visuals_helpers.py::test_safe_float_inf_returns_none 
[gw0] PASSED tests/unit/analysis/comparison/test_visuals_helpers.py::test_safe_float_inf_returns_none 
tests/unit/analysis/comparison/test_visuals_helpers.py::test_safe_float_nan_returns_none 
[gw0] PASSED tests/unit/analysis/comparison/test_visuals_helpers.py::test_safe_float_nan_returns_none 
tests/unit/analysis/comparison/test_visuals_helpers.py::test_safe_float_invalid_string_returns_none 
[gw0] PASSED tests/unit/analysis/comparison/test_visuals_helpers.py::test_safe_float_invalid_string_returns_none 
tests/unit/analysis/comparison/test_visuals_helpers.py::test_safe_float_valid_string 
[gw0] PASSED tests/unit/analysis/comparison/test_visuals_helpers.py::test_safe_float_valid_string 
tests/unit/analysis/comparison/test_visuals_helpers.py::test_mask_nodata_replaces_known_sentinels 
[gw0] PASSED tests/unit/analysis/comparison/test_visuals_helpers.py::test_mask_nodata_replaces_known_sentinels 
tests/unit/analysis/comparison/test_visuals_helpers.py::test_mask_nodata_preserves_finite_values 
[gw0] PASSED tests/unit/analysis/comparison/test_visuals_helpers.py::test_mask_nodata_preserves_finite_values 
tests/unit/analysis/comparison/test_visuals_helpers.py::test_mask_nodata_empty_array_is_safe 
[gw0] PASSED tests/unit/analysis/comparison/test_visuals_helpers.py::test_mask_nodata_empty_array_is_safe 
tests/unit/analysis/comparison/test_visuals_helpers.py::test_finite_limits_basic 
[gw0] PASSED tests/unit/analysis/comparison/test_visuals_helpers.py::test_finite_limits_basic 
tests/unit/analysis/comparison/test_visuals_helpers.py::test_finite_limits_all_nonfinite_returns_none 
[gw0] PASSED tests/unit/analysis/comparison/test_visuals_helpers.py::test_finite_limits_all_nonfinite_returns_none 
tests/unit/analysis/comparison/test_visuals_helpers.py::test_finite_limits_empty_returns_none 
[gw0] PASSED tests/unit/analysis/comparison/test_visuals_helpers.py::test_finite_limits_empty_returns_none 
tests/unit/analysis/comparison/test_visuals_helpers.py::test_robust_limits_below_24_uses_min_max 
[gw0] PASSED tests/unit/analysis/comparison/test_visuals_helpers.py::test_robust_limits_below_24_uses_min_max 
tests/unit/analysis/comparison/test_visuals_helpers.py::test_robust_limits_uses_percentiles_for_large_inputs 
[gw0] PASSED tests/unit/analysis/comparison/test_visuals_helpers.py::test_robust_limits_uses_percentiles_for_large_inputs 
tests/unit/analysis/comparison/test_visuals_helpers.py::test_robust_limits_empty_returns_none 
[gw0] PASSED tests/unit/analysis/comparison/test_visuals_helpers.py::test_robust_limits_empty_returns_none 
tests/unit/analysis/comparison/test_visuals_helpers.py::test_robust_symmetric_limit_basic 
[gw0] PASSED tests/unit/analysis/comparison/test_visuals_helpers.py::test_robust_symmetric_limit_basic 
tests/unit/analysis/comparison/test_visuals_helpers.py::test_robust_symmetric_limit_zeros_returns_none 
[gw0] PASSED tests/unit/analysis/comparison/test_visuals_helpers.py::test_robust_symmetric_limit_zeros_returns_none 
tests/unit/analysis/comparison/test_visuals_helpers.py::test_robust_symmetric_limit_empty_returns_none 
[gw0] PASSED tests/unit/analysis/comparison/test_visuals_helpers.py::test_robust_symmetric_limit_empty_returns_none 
tests/unit/analysis/comparison/test_visuals_helpers.py::test_format_time_tick_label_iso_returns_month_abbreviation 
[gw0] PASSED tests/unit/analysis/comparison/test_visuals_helpers.py::test_format_time_tick_label_iso_returns_month_abbreviation 
tests/unit/analysis/comparison/test_visuals_helpers.py::test_format_time_tick_label_integer_string_passthrough 
[gw0] PASSED tests/unit/analysis/comparison/test_visuals_helpers.py::test_format_time_tick_label_integer_string_passthrough 
tests/unit/analysis/comparison/test_visuals_helpers.py::test_format_time_tick_label_empty_returns_empty 
[gw0] PASSED tests/unit/analysis/comparison/test_visuals_helpers.py::test_format_time_tick_label_empty_returns_empty 
tests/unit/analysis/comparison/test_visuals_helpers.py::test_format_time_tick_label_year_month_truncation 
[gw0] PASSED tests/unit/analysis/comparison/test_visuals_helpers.py::test_format_time_tick_label_year_month_truncation 
tests/unit/analysis/comparison/test_visuals_helpers.py::test_apply_time_ticks_no_positions_is_noop 
[gw0] PASSED tests/unit/analysis/comparison/test_visuals_helpers.py::test_apply_time_ticks_no_positions_is_noop 
tests/unit/analysis/comparison/test_visuals_helpers.py::test_apply_time_ticks_with_labels_applies_text 
[gw0] PASSED tests/unit/analysis/comparison/test_visuals_helpers.py::test_apply_time_ticks_with_labels_applies_text 
tests/unit/analysis/comparison/test_visuals_helpers.py::test_apply_time_ticks_many_positions_subsamples 
[gw0] PASSED tests/unit/analysis/comparison/test_visuals_helpers.py::test_apply_time_ticks_many_positions_subsamples 
tests/unit/analysis/comparison/test_visuals_helpers.py::test_series_style_flux_uses_steps_post 
[gw0] PASSED tests/unit/analysis/comparison/test_visuals_helpers.py::test_series_style_flux_uses_steps_post 
tests/unit/analysis/comparison/test_visuals_helpers.py::test_series_style_default_uses_marker 
[gw0] PASSED tests/unit/analysis/comparison/test_visuals_helpers.py::test_series_style_default_uses_marker 
tests/unit/analysis/comparison/test_visuals_helpers.py::test_budget_component_label_known_keys 
[gw0] PASSED tests/unit/analysis/comparison/test_visuals_helpers.py::test_budget_component_label_known_keys 
tests/unit/analysis/comparison/test_visuals_helpers.py::test_budget_component_label_unknown_falls_back_to_pretty 
[gw0] PASSED tests/unit/analysis/comparison/test_visuals_helpers.py::test_budget_component_label_unknown_falls_back_to_pretty 
tests/unit/analysis/comparison/test_visuals_helpers.py::test_budget_component_color_known_keys 
[gw0] PASSED tests/unit/analysis/comparison/test_visuals_helpers.py::test_budget_component_color_known_keys 
tests/unit/analysis/comparison/test_visuals_helpers.py::test_budget_component_color_unknown_returns_grey 
[gw0] PASSED tests/unit/analysis/comparison/test_visuals_helpers.py::test_budget_component_color_unknown_returns_grey 
tests/unit/analysis/comparison/test_visuals_helpers.py::test_build_difference_payload_unit_mismatch_returns_none 
[gw0] PASSED tests/unit/analysis/comparison/test_visuals_helpers.py::test_build_difference_payload_unit_mismatch_returns_none 
tests/unit/analysis/comparison/test_visuals_helpers.py::test_build_difference_payload_scatter_match_subtracts 
[gw0] PASSED tests/unit/analysis/comparison/test_visuals_helpers.py::test_build_difference_payload_scatter_match_subtracts 
tests/unit/analysis/comparison/test_visuals_helpers.py::test_build_difference_payload_scatter_size_mismatch_returns_none 
[gw0] PASSED tests/unit/analysis/comparison/test_visuals_helpers.py::test_build_difference_payload_scatter_size_mismatch_returns_none 
tests/unit/analysis/comparison/test_visuals_helpers.py::test_build_difference_payload_scatter_cellid_mismatch_returns_none 
[gw0] PASSED tests/unit/analysis/comparison/test_visuals_helpers.py::test_build_difference_payload_scatter_cellid_mismatch_returns_none 
tests/unit/analysis/comparison/test_visuals_helpers.py::test_build_difference_payload_structured_match 
[gw0] PASSED tests/unit/analysis/comparison/test_visuals_helpers.py::test_build_difference_payload_structured_match 
tests/unit/analysis/comparison/test_visuals_helpers.py::test_build_difference_payload_structured_shape_mismatch_returns_none 
[gw0] PASSED tests/unit/analysis/comparison/test_visuals_helpers.py::test_build_difference_payload_structured_shape_mismatch_returns_none 
tests/unit/analysis/comparison/test_visuals_helpers.py::test_build_difference_payload_mixed_geometries_returns_none 
[gw0] PASSED tests/unit/analysis/comparison/test_visuals_helpers.py::test_build_difference_payload_mixed_geometries_returns_none 
tests/unit/analysis/comparison/test_visuals_helpers.py::test_build_fine_grid_basic_shape 
[gw0] PASSED tests/unit/analysis/comparison/test_visuals_helpers.py::test_build_fine_grid_basic_shape 
tests/unit/analysis/comparison/test_visuals_helpers.py::test_build_fine_grid_resolution_too_large_returns_none 
[gw0] PASSED tests/unit/analysis/comparison/test_visuals_helpers.py::test_build_fine_grid_resolution_too_large_returns_none 
tests/unit/analysis/comparison/test_visuals_helpers.py::test_resolve_fine_grid_bounds_too_few_extents_returns_none 
[gw0] PASSED tests/unit/analysis/comparison/test_visuals_helpers.py::test_resolve_fine_grid_bounds_too_few_extents_returns_none 
tests/unit/analysis/comparison/test_visuals_helpers.py::test_resolve_fine_grid_bounds_intersection 
[gw0] PASSED tests/unit/analysis/comparison/test_visuals_helpers.py::test_resolve_fine_grid_bounds_intersection 
tests/unit/analysis/comparison/test_visuals_helpers.py::test_resolve_fine_grid_bounds_intersection_disjoint_returns_none 
[gw0] PASSED tests/unit/analysis/comparison/test_visuals_helpers.py::test_resolve_fine_grid_bounds_intersection_disjoint_returns_none 
tests/unit/analysis/comparison/test_visuals_helpers.py::test_resolve_fine_grid_bounds_union 
[gw0] PASSED tests/unit/analysis/comparison/test_visuals_helpers.py::test_resolve_fine_grid_bounds_union 
tests/unit/analysis/comparison/test_visuals_helpers.py::test_resolve_fine_grid_bounds_reference_uses_reference_extent 
[gw0] PASSED tests/unit/analysis/comparison/test_visuals_helpers.py::test_resolve_fine_grid_bounds_reference_uses_reference_extent 
tests/unit/analysis/comparison/test_visuals_helpers.py::test_regrid_payload_linear_against_grid 
[gw0] PASSED tests/unit/analysis/comparison/test_visuals_helpers.py::test_regrid_payload_linear_against_grid 
tests/unit/analysis/comparison/test_visuals_helpers.py::test_regrid_payload_returns_none_when_no_finite_samples 
[gw0] PASSED tests/unit/analysis/comparison/test_visuals_helpers.py::test_regrid_payload_returns_none_when_no_finite_samples 
tests/unit/analysis/comparison/test_visuals_helpers.py::test_write_map_comparison_figure_creates_png 
[gw0] PASSED tests/unit/analysis/comparison/test_visuals_helpers.py::test_write_map_comparison_figure_creates_png 
tests/unit/analysis/comparison/test_visuals_helpers.py::test_write_difference_figure_creates_png 
[gw0] PASSED tests/unit/analysis/comparison/test_visuals_helpers.py::test_write_difference_figure_creates_png 
tests/unit/analysis/comparison/test_visuals_helpers.py::test_write_timeseries_figure_creates_png 
[gw0] PASSED tests/unit/analysis/comparison/test_visuals_helpers.py::test_write_timeseries_figure_creates_png 
tests/unit/analysis/comparison/test_visuals_helpers.py::test_write_timeseries_figure_returns_false_when_too_few_points 
[gw0] PASSED tests/unit/analysis/comparison/test_visuals_helpers.py::test_write_timeseries_figure_returns_false_when_too_few_points 
tests/unit/analysis/comparison/test_visuals_helpers.py::test_write_runtime_bar_figure_creates_png 
[gw0] PASSED tests/unit/analysis/comparison/test_visuals_helpers.py::test_write_runtime_bar_figure_creates_png 
tests/unit/analysis/comparison/test_visuals_helpers.py::test_write_runtime_bar_figure_returns_false_when_below_two 
[gw0] PASSED tests/unit/analysis/comparison/test_visuals_helpers.py::test_write_runtime_bar_figure_returns_false_when_below_two 
tests/unit/analysis/comparison/test_visuals_helpers.py::test_write_point_dashboard_creates_png 
[gw0] PASSED tests/unit/analysis/comparison/test_visuals_helpers.py::test_write_point_dashboard_creates_png 
tests/unit/analysis/comparison/test_visuals_helpers.py::test_write_point_dashboard_returns_false_with_one_observable 
[gw0] PASSED tests/unit/analysis/comparison/test_visuals_helpers.py::test_write_point_dashboard_returns_false_with_one_observable 
tests/unit/analysis/comparison/test_visuals_helpers.py::test_write_native_flux_panel_creates_png 
[gw0] PASSED tests/unit/analysis/comparison/test_visuals_helpers.py::test_write_native_flux_panel_creates_png 
tests/unit/analysis/comparison/test_visuals_helpers.py::test_write_flux_dashboard_creates_png 
[gw0] PASSED tests/unit/analysis/comparison/test_visuals_helpers.py::test_write_flux_dashboard_creates_png 
tests/unit/analysis/comparison/test_visuals_helpers.py::test_write_budget_diagnostic_figure_creates_png 
[gw0] PASSED tests/unit/analysis/comparison/test_visuals_helpers.py::test_write_budget_diagnostic_figure_creates_png 
tests/unit/analysis/comparison/test_visuals_helpers.py::test_write_budget_diagnostic_figure_returns_false_for_unknown_simulation 
[gw0] PASSED tests/unit/analysis/comparison/test_visuals_helpers.py::test_write_budget_diagnostic_figure_returns_false_for_unknown_simulation 
tests/unit/analysis/comparison/test_visuals_helpers.py::test_write_regridded_map_figure_creates_png 
[gw0] PASSED tests/unit/analysis/comparison/test_visuals_helpers.py::test_write_regridded_map_figure_creates_png 
tests/unit/analysis/comparison/test_visuals_helpers.py::test_write_regridded_difference_figure_creates_png 
[gw0] PASSED tests/unit/analysis/comparison/test_visuals_helpers.py::test_write_regridded_difference_figure_creates_png 
tests/unit/analysis/comparison/test_visuals_helpers.py::test_write_geotiff_creates_tif 
[gw0] PASSED tests/unit/analysis/comparison/test_visuals_helpers.py::test_write_geotiff_creates_tif 
tests/unit/analysis/comparison/test_visuals_helpers.py::test_write_geotiff_returns_false_for_zero_dim 
[gw0] PASSED tests/unit/analysis/comparison/test_visuals_helpers.py::test_write_geotiff_returns_false_for_zero_dim 
tests/unit/analysis/test_comparison_stability.py::test_validate_stability_targets_accepts_materialized_outputs 
[gw0] PASSED tests/unit/analysis/test_comparison_stability.py::test_validate_stability_targets_accepts_materialized_outputs 
tests/unit/analysis/test_comparison_stability.py::test_validate_stability_targets_reports_metric_regression 
[gw0] PASSED tests/unit/analysis/test_comparison_stability.py::test_validate_stability_targets_reports_metric_regression 
tests/unit/analysis/test_comparison_stability.py::test_validate_stability_targets_accepts_legacy_variant_outputs 
[gw0] PASSED tests/unit/analysis/test_comparison_stability.py::test_validate_stability_targets_accepts_legacy_variant_outputs 
tests/unit/analysis/test_comparison_web_report.py::test_write_comparison_web_report_links_key_outputs 
[gw0] PASSED tests/unit/analysis/test_comparison_web_report.py::test_write_comparison_web_report_links_key_outputs 
tests/unit/analysis/test_comparison_web_report.py::test_synthetic_web_report_splits_hydraulic_and_numerical_settings 
[gw0] PASSED tests/unit/analysis/test_comparison_web_report.py::test_synthetic_web_report_splits_hydraulic_and_numerical_settings 
tests/unit/analysis/test_comparison_web_report.py::test_web_report_includes_numerical_closure_section 
[gw0] PASSED tests/unit/analysis/test_comparison_web_report.py::test_web_report_includes_numerical_closure_section 
tests/unit/analysis/test_comparison_web_report.py::test_synthetic_web_report_documents_disabled_boussinesq_drainage 
[gw0] PASSED tests/unit/analysis/test_comparison_web_report.py::test_synthetic_web_report_documents_disabled_boussinesq_drainage 
tests/unit/analysis/test_testbed_web_report.py::test_testbed_web_report_includes_numerical_closure_metrics 
[gw0] PASSED tests/unit/analysis/test_testbed_web_report.py::test_testbed_web_report_includes_numerical_closure_metrics 
tests/unit/annex/test_catchment_identification_config.py::test_catchment_identification_config_supports_base_config 
[gw0] PASSED tests/unit/annex/test_catchment_identification_config.py::test_catchment_identification_config_supports_base_config 
tests/unit/annex/test_distribution_mesh.py::test_load_toml_config 
[gw0] PASSED tests/unit/annex/test_distribution_mesh.py::test_load_toml_config 
tests/unit/annex/test_distribution_mesh.py::test_run_visualization_from_toml_writes_outputs 
[gw0] PASSED tests/unit/annex/test_distribution_mesh.py::test_run_visualization_from_toml_writes_outputs 
tests/unit/annex/test_distribution_mesh.py::test_load_toml_config_rejects_invalid_color_field 
[gw0] PASSED tests/unit/annex/test_distribution_mesh.py::test_load_toml_config_rejects_invalid_color_field 
tests/unit/annex/test_distribution_mesh.py::test_load_toml_config_rejects_unknown_root_key 
[gw0] PASSED tests/unit/annex/test_distribution_mesh.py::test_load_toml_config_rejects_unknown_root_key 
tests/unit/annex/test_distribution_mesh.py::test_load_toml_config_rejects_unknown_plot_key 
[gw0] PASSED tests/unit/annex/test_distribution_mesh.py::test_load_toml_config_rejects_unknown_plot_key 
tests/unit/annex/test_distribution_mesh.py::test_distribution_mesh_default_config_filename_is_portable 
[gw0] PASSED tests/unit/annex/test_distribution_mesh.py::test_distribution_mesh_default_config_filename_is_portable 
tests/unit/annex/test_distribution_mesh.py::test_windows_absolute_path_detection_is_supported 
[gw0] PASSED tests/unit/annex/test_distribution_mesh.py::test_windows_absolute_path_detection_is_supported 
tests/unit/annex/test_distribution_mesh.py::test_run_visualization_from_toml_without_bundle_reader 
[gw0] PASSED tests/unit/annex/test_distribution_mesh.py::test_run_visualization_from_toml_without_bundle_reader 
tests/unit/annex/test_distribution_mesh.py::test_root_mesh_package_reads_bundle_without_bundle_reader 
[gw0] PASSED tests/unit/annex/test_distribution_mesh.py::test_root_mesh_package_reads_bundle_without_bundle_reader 
tests/unit/annex/test_distribution_mesh.py::test_root_mesh_package_ignores_bundle_reader_file 
[gw0] PASSED tests/unit/annex/test_distribution_mesh.py::test_root_mesh_package_ignores_bundle_reader_file 
tests/unit/annex/test_distribution_mesh.py::test_toml_schema_parameter_descriptions_cover_public_keys 
[gw0] PASSED tests/unit/annex/test_distribution_mesh.py::test_toml_schema_parameter_descriptions_cover_public_keys 
tests/unit/annex/test_distribution_mesh.py::test_run_visualization_from_toml_accepts_missing_hydraulic_field 
[gw0] PASSED tests/unit/annex/test_distribution_mesh.py::test_run_visualization_from_toml_accepts_missing_hydraulic_field 
tests/unit/annex/test_distribution_mesh.py::test_python_module_mesh_bundle_viewer_runs_from_distributed_folder 
[gw0] PASSED tests/unit/annex/test_distribution_mesh.py::test_python_module_mesh_bundle_viewer_runs_from_distributed_folder 
tests/unit/annex/test_distribution_mesh.py::test_python_module_mesh_bundle_viewer_runs_with_default_example_bundle 
[gw0] PASSED tests/unit/annex/test_distribution_mesh.py::test_python_module_mesh_bundle_viewer_runs_with_default_example_bundle 
tests/unit/annex/test_run_catchment_identification_case.py::test_format_cli_summary_compact_mode_is_short_and_informative 
[gw0] PASSED tests/unit/annex/test_run_catchment_identification_case.py::test_format_cli_summary_compact_mode_is_short_and_informative 
tests/unit/annex/test_run_catchment_identification_case.py::test_format_cli_summary_full_mode_returns_json 
[gw0] PASSED tests/unit/annex/test_run_catchment_identification_case.py::test_format_cli_summary_full_mode_returns_json 
tests/unit/architecture/test_cli_boundary.py::test_cli_boundary_sealed 
[gw0] PASSED tests/unit/architecture/test_cli_boundary.py::test_cli_boundary_sealed 
tests/unit/architecture/test_layer_matrix.py::test_layer_matrix 
[gw0] PASSED tests/unit/architecture/test_layer_matrix.py::test_layer_matrix 
tests/unit/architecture/test_layer_matrix.py::test_layer_matrix_declares_every_top_level_package 
[gw0] PASSED tests/unit/architecture/test_layer_matrix.py::test_layer_matrix_declares_every_top_level_package 
tests/unit/architecture/test_layer_matrix.py::test_layer_tolerances_reference_declared_layers 
[gw0] PASSED tests/unit/architecture/test_layer_matrix.py::test_layer_tolerances_reference_declared_layers 
tests/unit/architecture/test_layer_matrix.py::test_annex_one_way 
[gw0] PASSED tests/unit/architecture/test_layer_matrix.py::test_annex_one_way 
tests/unit/architecture/test_no_vanilla_raise.py::test_scope_uses_typed_exceptions 
[gw0] PASSED tests/unit/architecture/test_no_vanilla_raise.py::test_scope_uses_typed_exceptions 
tests/unit/calibration/test_adapter_aliases.py::TestCanonicalAdapters::test_grid_resolves 
[gw0] PASSED tests/unit/calibration/test_adapter_aliases.py::TestCanonicalAdapters::test_grid_resolves 
[...]
tests/unit/field/test_field_param_config.py::test_load_field_param_toml_accepts_vertical_profile_exponential 
[gw0] PASSED tests/unit/field/test_field_param_config.py::test_load_field_param_toml_accepts_vertical_profile_exponential 
tests/unit/field/test_field_param_config.py::test_load_field_param_toml_accepts_vertical_profile_exponential_with_min_factor 
[gw0] PASSED tests/unit/field/test_field_param_config.py::test_load_field_param_toml_accepts_vertical_profile_exponential_with_min_factor 
tests/unit/field/test_field_param_config.py::test_load_field_param_toml_accepts_vertical_profile_exponential_characteristic_depth_with_unit 
[gw0] PASSED tests/unit/field/test_field_param_config.py::test_load_field_param_toml_accepts_vertical_profile_exponential_characteristic_depth_with_unit 
tests/unit/field/test_field_param_config.py::test_load_field_param_toml_rejects_vertical_profile_exponential_with_invalid_min_factor 
[gw0] PASSED tests/unit/field/test_field_param_config.py::test_load_field_param_toml_rejects_vertical_profile_exponential_with_invalid_min_factor 
tests/unit/field/test_field_param_config.py::test_load_field_param_toml_rejects_vertical_profile_exponential_without_depth 
[gw0] PASSED tests/unit/field/test_field_param_config.py::test_load_field_param_toml_rejects_vertical_profile_exponential_without_depth 
tests/unit/field/test_field_param_config.py::test_validate_resolved_field_param_data_accepts_vertical_profile_alias 
[gw0] PASSED tests/unit/field/test_field_param_config.py::test_validate_resolved_field_param_data_accepts_vertical_profile_alias 
tests/unit/field/test_field_param_config.py::test_validate_resolved_field_param_data_accepts_vertical_profile_alias_with_min_factor 
[gw0] PASSED tests/unit/field/test_field_param_config.py::test_validate_resolved_field_param_data_accepts_vertical_profile_alias_with_min_factor 
tests/unit/field/test_geology_field.py::test_geology_field_from_raster_to_mesh_field 
[gw0] PASSED tests/unit/field/test_geology_field.py::test_geology_field_from_raster_to_mesh_field 
tests/unit/field/test_geology_field.py::test_geology_config_requires_reference_raster_for_vector_source 
[gw0] PASSED tests/unit/field/test_geology_field.py::test_geology_config_requires_reference_raster_for_vector_source 
tests/unit/field/test_geology_field.py::test_geology_field_on_mesh_matches_reference_implementation[structured-16] 
[gw0] PASSED tests/unit/field/test_geology_field.py::test_geology_field_on_mesh_matches_reference_implementation[structured-16] 
tests/unit/field/test_geology_field.py::test_geology_field_on_mesh_matches_reference_implementation[triangular_structured-18] 
[gw0] PASSED tests/unit/field/test_geology_field.py::test_geology_field_on_mesh_matches_reference_implementation[triangular_structured-18] 
tests/unit/field/test_geology_field.py::test_geology_field_on_mesh_matches_reference_implementation[triangular_unstructured-18] 
[gw0] PASSED tests/unit/field/test_geology_field.py::test_geology_field_on_mesh_matches_reference_implementation[triangular_unstructured-18] 
tests/unit/field/test_review_cases.py::test_run_case_reviews_uses_registry_order_for_selected_cases 
[gw0] PASSED tests/unit/field/test_review_cases.py::test_run_case_reviews_uses_registry_order_for_selected_cases 
tests/unit/field/test_review_cases.py::test_resolve_case_review_specs_rejects_unknown_case 
[gw0] PASSED tests/unit/field/test_review_cases.py::test_resolve_case_review_specs_rejects_unknown_case 
tests/unit/field/test_review_cases.py::test_run_field_demo_case_writes_output_without_show 
[gw0] PASSED tests/unit/field/test_review_cases.py::test_run_field_demo_case_writes_output_without_show 
tests/unit/geographic/test_catchment_from_point.py::test_extract_catchment_from_point_rejects_empty_snapped_outlet 
[gw0] PASSED tests/unit/geographic/test_catchment_from_point.py::test_extract_catchment_from_point_rejects_empty_snapped_outlet 
tests/unit/geographic/test_catchment_from_point.py::test_extract_catchment_from_point_rejects_empty_watershed_polygon 
[gw0] PASSED tests/unit/geographic/test_catchment_from_point.py::test_extract_catchment_from_point_rejects_empty_watershed_polygon 
tests/unit/geographic/test_catchment_zones.py::test_derive_catchment_domain_with_percent_buffer 
[gw0] PASSED tests/unit/geographic/test_catchment_zones.py::test_derive_catchment_domain_with_percent_buffer 
tests/unit/geographic/test_catchment_zones.py::test_derive_catchment_domain_with_explicit_distance 
[gw0] PASSED tests/unit/geographic/test_catchment_zones.py::test_derive_catchment_domain_with_explicit_distance 
tests/unit/geographic/test_catchment_zones.py::test_build_catchment_zone_codes 
[gw0] PASSED tests/unit/geographic/test_catchment_zones.py::test_build_catchment_zone_codes 
tests/unit/geographic/test_catchment_zones.py::test_build_uniform_zone_codes 
[gw0] PASSED tests/unit/geographic/test_catchment_zones.py::test_build_uniform_zone_codes 
tests/unit/geographic/test_domain_geographic_pipeline.py::test_build_domain_geographic_context_from_dem 
[gw0] PASSED tests/unit/geographic/test_domain_geographic_pipeline.py::test_build_domain_geographic_context_from_dem 
tests/unit/geographic/test_domain_geographic_pipeline.py::test_build_geographic_derived_features_from_dem 
[gw0] PASSED tests/unit/geographic/test_domain_geographic_pipeline.py::test_build_geographic_derived_features_from_dem 
tests/unit/geographic/test_domain_geographic_pipeline.py::test_build_domain_geographic_context_from_synthetic_mode 
[gw0] PASSED tests/unit/geographic/test_domain_geographic_pipeline.py::test_build_domain_geographic_context_from_synthetic_mode 
tests/unit/geographic/test_domain_geographic_pipeline.py::test_build_domain_geographic_context_retries_with_fill_after_empty_breach_watershed 
[gw0] PASSED tests/unit/geographic/test_domain_geographic_pipeline.py::test_build_domain_geographic_context_retries_with_fill_after_empty_breach_watershed 
tests/unit/geographic/test_geographic_cache.py::test_geographic_cache_loads_matching_complete_artifacts 
[gw0] PASSED tests/unit/geographic/test_geographic_cache.py::test_geographic_cache_loads_matching_complete_artifacts 
tests/unit/geographic/test_geographic_cache.py::test_geographic_cache_rejects_changed_fingerprint 
[gw0] PASSED tests/unit/geographic/test_geographic_cache.py::test_geographic_cache_rejects_changed_fingerprint 
tests/unit/geographic/test_geographic_config.py::test_geographic_config_txt_accepts_cell_size_with_unit_string 
[gw0] PASSED tests/unit/geographic/test_geographic_config.py::test_geographic_config_txt_accepts_cell_size_with_unit_string 
tests/unit/geographic/test_geographic_config.py::test_geographic_config_txt_accepts_cell_size_with_km_unit 
[gw0] PASSED tests/unit/geographic/test_geographic_config.py::test_geographic_config_txt_accepts_cell_size_with_km_unit 
tests/unit/geographic/test_geographic_config.py::test_geographic_config_synthetic_mode_accepts_missing_standard_fields 
[gw0] PASSED tests/unit/geographic/test_geographic_config.py::test_geographic_config_synthetic_mode_accepts_missing_standard_fields 
tests/unit/geographic/test_geographic_config.py::test_geographic_config_standard_mode_requires_catch_def 
[gw0] PASSED tests/unit/geographic/test_geographic_config.py::test_geographic_config_standard_mode_requires_catch_def 
tests/unit/geographic/test_geographic_config.py::test_hydromodpy_config_accepts_synthetic_geographic 
[gw0] PASSED tests/unit/geographic/test_geographic_config.py::test_hydromodpy_config_accepts_synthetic_geographic 
tests/unit/geographic/test_geographic_imports.py::test_geographic_config_import_does_not_trigger_circular_import 
[gw0] PASSED tests/unit/geographic/test_geographic_imports.py::test_geographic_config_import_does_not_trigger_circular_import 
tests/unit/geographic/test_geographic_imports.py::test_hydrographic_network_import_does_not_trigger_circular_import 
[gw0] PASSED tests/unit/geographic/test_geographic_imports.py::test_hydrographic_network_import_does_not_trigger_circular_import 
tests/unit/geographic/test_geographic_imports.py::test_geographic_package_exports_hydrographic_network 
[gw0] PASSED tests/unit/geographic/test_geographic_imports.py::test_geographic_package_exports_hydrographic_network 
tests/unit/geographic/test_geographic_imports.py::test_hydrographic_network_comparison_import_does_not_trigger_circular_import 
[gw0] PASSED tests/unit/geographic/test_geographic_imports.py::test_hydrographic_network_comparison_import_does_not_trigger_circular_import 
tests/unit/geographic/test_geographic_io.py::test_ensure_crs_for_shapefile_writes_prj_without_rewriting_vector 
[gw0] PASSED tests/unit/geographic/test_geographic_io.py::test_ensure_crs_for_shapefile_writes_prj_without_rewriting_vector 
tests/unit/geographic/test_geographic_io.py::test_ensure_crs_for_missing_shapefile_raises 
[gw0] PASSED tests/unit/geographic/test_geographic_io.py::test_ensure_crs_for_missing_shapefile_raises 
tests/unit/geographic/test_geographic_legacy_characterization.py::test_geographic_legacy_from_polygon_contract 
[gw0] PASSED tests/unit/geographic/test_geographic_legacy_characterization.py::test_geographic_legacy_from_polygon_contract 
tests/unit/geographic/test_geographic_legacy_characterization.py::test_geographic_legacy_from_polygon_golden 
[gw0] PASSED tests/unit/geographic/test_geographic_legacy_characterization.py::test_geographic_legacy_from_polygon_golden 
tests/unit/geographic/test_geographic_legacy_characterization.py::test_geographic_legacy_from_outlet_contract 
[gw0] PASSED tests/unit/geographic/test_geographic_legacy_characterization.py::test_geographic_legacy_from_outlet_contract 
tests/unit/geographic/test_geographic_legacy_characterization.py::test_geographic_legacy_from_outlet_golden 
[gw0] PASSED tests/unit/geographic/test_geographic_legacy_characterization.py::test_geographic_legacy_from_outlet_golden 
tests/unit/geographic/test_geographic_legacy_characterization.py::test_geographic_config_rejects_missing_outlet_fields 
[gw0] PASSED tests/unit/geographic/test_geographic_legacy_characterization.py::test_geographic_config_rejects_missing_outlet_fields 
tests/unit/geographic/test_geographic_legacy_characterization.py::test_geographic_legacy_missing_dem_file_raises 
[gw0] PASSED tests/unit/geographic/test_geographic_legacy_characterization.py::test_geographic_legacy_missing_dem_file_raises 
tests/unit/geographic/test_geographic_legacy_characterization.py::test_resolve_dep_code_returns_none_when_geocoder_is_unavailable 
[gw0] PASSED tests/unit/geographic/test_geographic_legacy_characterization.py::test_resolve_dep_code_returns_none_when_geocoder_is_unavailable 
tests/unit/geographic/test_geographic_review_cases.py::test_available_case_review_names_exposes_expected_cases 
[gw0] PASSED tests/unit/geographic/test_geographic_review_cases.py::test_available_case_review_names_exposes_expected_cases 
tests/unit/geographic/test_geographic_review_cases.py::test_list_case_reviews_outputs_case_lines 
[gw0] PASSED tests/unit/geographic/test_geographic_review_cases.py::test_list_case_reviews_outputs_case_lines 
tests/unit/geographic/test_geographic_review_cases.py::test_resolve_case_review_specs_rejects_unknown_case 
[gw0] PASSED tests/unit/geographic/test_geographic_review_cases.py::test_resolve_case_review_specs_rejects_unknown_case 
tests/unit/geographic/test_hydrographic_network.py::test_from_hydrography_load_result_builds_reference_network 
[gw0] PASSED tests/unit/geographic/test_hydrographic_network.py::test_from_hydrography_load_result_builds_reference_network 
tests/unit/geographic/test_hydrographic_network.py::test_from_hydrography_load_result_handles_raster_only_payload 
[gw0] PASSED tests/unit/geographic/test_hydrographic_network.py::test_from_hydrography_load_result_handles_raster_only_payload 
tests/unit/geographic/test_hydrographic_network.py::test_from_river_network_products_builds_generated_network 
[gw0] PASSED tests/unit/geographic/test_hydrographic_network.py::test_from_river_network_products_builds_generated_network 
tests/unit/geographic/test_hydrographic_network.py::test_geographic_derived_features_exposes_generated_hydrographic_network 
[gw0] PASSED tests/unit/geographic/test_hydrographic_network.py::test_geographic_derived_features_exposes_generated_hydrographic_network 
tests/unit/geographic/test_hydrographic_network.py::test_geographic_derived_features_can_attach_reference_network 
[gw0] PASSED tests/unit/geographic/test_hydrographic_network.py::test_geographic_derived_features_can_attach_reference_network 
tests/unit/geographic/test_hydrographic_network.py::test_canonical_feature_names_are_role_specific 
[gw0] PASSED tests/unit/geographic/test_hydrographic_network.py::test_canonical_feature_names_are_role_specific 
tests/unit/geographic/test_hydrographic_network_comparison.py::test_compare_hydrographic_networks_exact_match 
[gw0] PASSED tests/unit/geographic/test_hydrographic_network_comparison.py::test_compare_hydrographic_networks_exact_match 
tests/unit/geographic/test_hydrographic_network_comparison.py::test_compare_hydrographic_networks_reports_missing_and_extra_segments 
[gw0] PASSED tests/unit/geographic/test_hydrographic_network_comparison.py::test_compare_hydrographic_networks_reports_missing_and_extra_segments 
tests/unit/geographic/test_hydrographic_network_comparison.py::test_compare_hydrographic_networks_tolerance_extends_match_at_segment_ends 
[gw0] PASSED tests/unit/geographic/test_hydrographic_network_comparison.py::test_compare_hydrographic_networks_tolerance_extends_match_at_segment_ends 
tests/unit/geographic/test_hydrographic_network_comparison.py::test_compare_hydrographic_networks_reprojects_candidate_to_reference_crs 
[gw0] PASSED tests/unit/geographic/test_hydrographic_network_comparison.py::test_compare_hydrographic_networks_reprojects_candidate_to_reference_crs 
tests/unit/geographic/test_hydrographic_network_comparison.py::test_compare_hydrographic_networks_recovers_from_invalid_geographic_label 
[gw0] PASSED tests/unit/geographic/test_hydrographic_network_comparison.py::test_compare_hydrographic_networks_recovers_from_invalid_geographic_label 
tests/unit/geographic/test_hydrographic_network_comparison.py::test_compare_hydrographic_networks_rejects_negative_tolerance 
[gw0] PASSED tests/unit/geographic/test_hydrographic_network_comparison.py::test_compare_hydrographic_networks_rejects_negative_tolerance 
tests/unit/geographic/test_reference_river_network_nancon_case.py::test_run_reference_river_network_nancon_case 
[gw0] PASSED tests/unit/geographic/test_reference_river_network_nancon_case.py::test_run_reference_river_network_nancon_case 
tests/unit/geographic/test_river_mesh_trace.py::test_river_mesh_trace_from_geometries_computes_metrics 
[gw0] PASSED tests/unit/geographic/test_river_mesh_trace.py::test_river_mesh_trace_from_geometries_computes_metrics 
tests/unit/geographic/test_river_mesh_trace.py::test_build_river_mesh_trace_from_vector_applies_clip_and_target_crs 
[gw0] PASSED tests/unit/geographic/test_river_mesh_trace.py::test_build_river_mesh_trace_from_vector_applies_clip_and_target_crs 
tests/unit/geographic/test_river_mesh_trace.py::test_build_river_mesh_trace_from_vector_missing_file_raises 
[gw0] PASSED tests/unit/geographic/test_river_mesh_trace.py::test_build_river_mesh_trace_from_vector_missing_file_raises 
tests/unit/geographic/test_river_mesh_trace.py::test_build_river_mesh_trace_from_vector_infers_missing_crs_from_target 
[gw0] PASSED tests/unit/geographic/test_river_mesh_trace.py::test_build_river_mesh_trace_from_vector_infers_missing_crs_from_target 
tests/unit/geographic/test_river_mesh_trace.py::test_build_river_mesh_trace_from_vector_missing_crs_without_target_raises 
[gw0] PASSED tests/unit/geographic/test_river_mesh_trace.py::test_build_river_mesh_trace_from_vector_missing_crs_without_target_raises 
tests/unit/geographic/test_river_network_config.py::test_river_network_config_accepts_area_threshold_mode 
[gw0] PASSED tests/unit/geographic/test_river_network_config.py::test_river_network_config_accepts_area_threshold_mode 
tests/unit/geographic/test_river_network_config.py::test_river_network_config_accepts_cells_threshold_mode 
[gw0] PASSED tests/unit/geographic/test_river_network_config.py::test_river_network_config_accepts_cells_threshold_mode 
tests/unit/geographic/test_river_network_config.py::test_river_network_config_rejects_missing_threshold_value 
[gw0] PASSED tests/unit/geographic/test_river_network_config.py::test_river_network_config_rejects_missing_threshold_value 
tests/unit/geographic/test_river_network_config.py::test_river_network_config_rejects_non_positive_threshold 
[gw0] PASSED tests/unit/geographic/test_river_network_config.py::test_river_network_config_rejects_non_positive_threshold 
tests/unit/geographic/test_river_network_config.py::test_river_network_config_rejects_negative_min_stream_length 
[gw0] PASSED tests/unit/geographic/test_river_network_config.py::test_river_network_config_rejects_negative_min_stream_length 
tests/unit/geographic/test_river_network_config.py::test_build_geographic_paths_exposes_river_network_outputs 
[gw0] PASSED tests/unit/geographic/test_river_network_config.py::test_build_geographic_paths_exposes_river_network_outputs 
tests/unit/geographic/test_river_network_products.py::test_resolve_stream_threshold_cells_from_area_mode 
[gw0] PASSED tests/unit/geographic/test_river_network_products.py::test_resolve_stream_threshold_cells_from_area_mode 
tests/unit/geographic/test_river_network_products.py::test_resolve_stream_threshold_cells_from_cells_mode 
[gw0] PASSED tests/unit/geographic/test_river_network_products.py::test_resolve_stream_threshold_cells_from_cells_mode 
tests/unit/geographic/test_river_network_products.py::test_build_river_network_products_noop_when_disabled 
[gw0] PASSED tests/unit/geographic/test_river_network_products.py::test_build_river_network_products_noop_when_disabled 
tests/unit/geographic/test_river_network_products.py::test_build_river_network_products_skips_empty_vector_export 
[gw0] PASSED tests/unit/geographic/test_river_network_products.py::test_build_river_network_products_skips_empty_vector_export 
tests/unit/geographic/test_run_geographic_case_golden.py::test_run_geographic_case_metrics_golden 
[gw0] PASSED tests/unit/geographic/test_run_geographic_case_golden.py::test_run_geographic_case_metrics_golden 
tests/unit/geographic/test_run_geographic_dem_processing_golden.py::test_run_geographic_dem_processing_golden 
[gw0] node down: Not properly terminated
[gw0] FAILED tests/unit/geographic/test_run_geographic_dem_processing_golden.py::test_run_geographic_dem_processing_golden 

worker gw0 crashed and worker restarting disabled

=================================== FAILURES ===================================
______ tests/unit/geographic/test_run_geographic_dem_processing_golden.py ______
[gw0] linux -- Python 3.13.12 /home/dreuzy/miniforge3/envs/hydromodpy-wsl/bin/python
worker 'gw0' crashed while running 'tests/unit/geographic/test_run_geographic_dem_processing_golden.py::test_run_geographic_dem_processing_golden'
=========== xdist: worker gw0 crashed and worker restarting disabled ===========
=========================== short test summary info ============================
SKIPPED [2] tests/regression/golden_utils.py:756: Required executables are missing: ['mp6', 'mt3dusgs']. Run `hmp install-binaries` first.
SKIPPED [1] tests/regression/fast/calibration/test_brutsaert_methods.py:50: optuna's CmaEsSampler requires the 'cmaes' package
FAILED tests/unit/geographic/test_run_geographic_dem_processing_golden.py::test_run_geographic_dem_processing_golden - worker 'gw0' crashed while running 'tests/unit/geographic/test_run_geographic_dem_processing_golden.py::test_run_geographic_dem_processing_golden'
!!!!!!!!!!!!!!!!!!!!!!!!!! stopping after 1 failures !!!!!!!!!!!!!!!!!!!!!!!!!!!
============ 1 failed, 1484 passed, 3 skipped in 3754.31s (1:02:34) ============
